SF:src/ifunnel/__init__.py
end_of_record
SF:src/ifunnel/financial_data_preprocessing/__init__.py
end_of_record
SF:src/ifunnel/financial_data_preprocessing/clean_downloaded_data.py
DA:1,0
DA:3,0
DA:6,0
DA:10,0
DA:13,0
DA:15,0
DA:16,0
DA:19,0
DA:20,0
DA:21,0
DA:22,0
DA:23,0
DA:24,0
DA:25,0
DA:26,0
DA:27,0
DA:29,0
DA:32,0
DA:33,0
DA:34,0
DA:35,0
DA:36,0
DA:37,0
DA:38,0
DA:39,0
DA:40,0
DA:42,0
DA:43,0
DA:44,0
DA:47,0
DA:50,0
DA:51,0
DA:52,0
DA:53,0
DA:54,0
DA:55,0
DA:56,0
DA:59,0
DA:62,0
DA:63,0
DA:64,0
DA:67,0
DA:69,0
DA:70,0
DA:72,0
DA:78,0
DA:79,0
DA:82,0
DA:85,0
LF:49
LH:0
FN:6,75,clean_data
FNDA:0,clean_data
FNF:1
FNH:0
end_of_record
SF:src/ifunnel/financial_data_preprocessing/gams_transfer.py
end_of_record
SF:src/ifunnel/financial_data_preprocessing/get_algostrata_data.py
DA:1,0
DA:3,0
DA:4,0
DA:5,0
DA:6,0
DA:8,0
DA:13,0
DA:14,0
DA:15,0
DA:16,0
DA:21,0
DA:22,0
DA:23,0
DA:24,0
DA:26,0
DA:33,0
DA:35,0
DA:36,0
DA:37,0
DA:38,0
DA:42,0
DA:43,0
DA:44,0
DA:45,0
DA:47,0
DA:49,0
DA:50,0
DA:59,0
DA:60,0
DA:61,0
DA:62,0
DA:64,0
DA:67,0
DA:69,0
DA:70,0
DA:71,0
DA:72,0
DA:73,0
DA:76,0
DA:77,0
DA:78,0
DA:81,0
DA:90,0
DA:91,0
DA:92,0
DA:94,0
DA:97,0
DA:99,0
DA:101,0
LF:49
LH:0
FN:13,16,batch
FNDA:0,batch
FN:21,94,get_algostrata_data
FNDA:0,get_algostrata_data
FNF:2
FNH:0
end_of_record
SF:src/ifunnel/financial_data_preprocessing/get_yahoo_data.py
DA:1,0
DA:3,0
DA:4,0
DA:5,0
DA:8,0
DA:14,0
DA:15,0
DA:16,0
DA:17,0
DA:18,0
DA:20,0
DA:23,0
DA:25,0
DA:26,0
DA:27,0
DA:28,0
DA:36,0
DA:37,0
DA:41,0
LF:19
LH:0
FN:8,20,download_data
FNDA:0,download_data
FNF:1
FNH:0
end_of_record
SF:src/ifunnel/models/CVaRmodel.py
DA:1,1
DA:3,1
DA:4,1
DA:5,1
DA:6,1
DA:12,1
DA:61,1
DA:62,1
DA:65,1
DA:67,1
DA:71,1
DA:73,1
DA:75,1
DA:77,1
DA:79,1
DA:80,1
DA:83,1
DA:86,1
DA:102,1
DA:103,0
DA:104,0
DA:106,0
DA:107,0
DA:108,0
DA:111,1
DA:114,1
DA:117,1
DA:118,1
DA:119,1
DA:120,1
DA:121,1
DA:124,1
DA:125,1
DA:126,1
DA:127,1
DA:130,1
DA:133,1
DA:137,0
DA:147,0
DA:148,0
DA:149,0
DA:152,0
DA:158,1
DA:173,1
DA:174,1
DA:176,1
DA:179,1
DA:181,1
DA:183,1
DA:185,1
DA:186,1
DA:187,1
DA:189,1
DA:190,1
DA:191,1
DA:194,1
DA:197,1
DA:200,1
DA:215,1
DA:217,1
DA:219,1
DA:221,1
DA:222,1
DA:223,1
DA:225,1
DA:227,1
DA:228,1
DA:231,1
DA:233,1
LF:69
LH:59
FN:12,152,rebalancing_model
FNDA:1,rebalancing_model
FN:158,233,cvar_model
FNDA:1,cvar_model
FNF:2
FNH:2
end_of_record
SF:src/ifunnel/models/CVaRtargets.py
DA:1,1
DA:2,1
DA:3,1
DA:5,1
DA:9,1
DA:17,1
DA:18,1
DA:19,1
DA:22,1
DA:25,1
DA:28,1
DA:29,1
DA:31,1
DA:36,1
DA:38,1
DA:41,1
DA:44,1
DA:47,1
DA:50,1
DA:52,1
DA:58,1
DA:67,1
DA:70,1
DA:72,1
DA:75,1
DA:78,1
DA:82,1
DA:90,1
DA:91,1
DA:94,1
DA:95,1
DA:97,1
DA:100,1
DA:102,1
DA:105,1
DA:108,1
DA:109,1
DA:110,1
DA:111,1
DA:112,1
DA:115,1
DA:121,1
LF:42
LH:42
FN:9,31,CVaR
FNDA:1,CVaR
FN:36,52,portfolio_risk_target
FNDA:1,portfolio_risk_target
FN:58,121,get_cvar_targets
FNDA:1,get_cvar_targets
FNF:3
FNH:3
end_of_record
SF:src/ifunnel/models/Clustering.py
DA:1,0
DA:2,0
DA:3,0
DA:4,0
DA:5,0
DA:8,0
DA:12,0
DA:13,0
DA:14,0
DA:15,0
DA:17,0
DA:19,0
DA:20,0
DA:21,0
DA:22,0
DA:23,0
DA:24,0
DA:25,0
DA:26,0
DA:27,0
DA:28,0
DA:36,0
DA:37,0
DA:38,0
DA:41,0
DA:45,0
DA:47,0
DA:48,0
DA:51,0
DA:52,0
DA:54,0
DA:56,0
DA:57,0
DA:66,0
DA:70,0
DA:71,0
DA:72,0
DA:76,0
DA:79,0
DA:82,0
DA:83,0
DA:85,0
DA:88,0
DA:92,0
DA:94,0
DA:95,0
DA:97,0
DA:99,0
DA:100,0
DA:102,0
DA:103,0
DA:106,0
DA:108,0
LF:53
LH:0
FN:8,38,fancy_dendrogram
FNDA:0,fancy_dendrogram
FN:41,85,cluster
FNDA:0,cluster
FN:88,108,pick_cluster
FNDA:0,pick_cluster
FNF:3
FNH:0
end_of_record
SF:src/ifunnel/models/MST.py
DA:1,1
DA:2,1
DA:3,1
DA:4,1
DA:5,1
DA:8,1
DA:9,1
DA:11,1
DA:12,1
DA:13,1
DA:14,1
DA:17,1
DA:18,1
DA:19,1
DA:20,1
DA:21,1
DA:22,1
DA:23,1
DA:26,1
DA:27,1
DA:28,1
DA:29,1
DA:30,1
DA:33,1
DA:36,1
DA:37,1
DA:38,1
DA:39,1
DA:42,1
DA:45,1
DA:46,1
DA:49,1
DA:50,1
DA:51,1
DA:52,1
DA:53,1
DA:54,1
DA:56,1
LF:38
LH:38
FN:8,56,minimum_spanning_tree
FNDA:1,minimum_spanning_tree
FNF:1
FNH:1
end_of_record
SF:src/ifunnel/models/MVOmodel.py
DA:1,1
DA:3,1
DA:4,1
DA:5,1
DA:6,1
DA:7,1
DA:10,1
DA:14,0
DA:15,0
DA:18,0
DA:19,0
DA:20,0
DA:22,0
DA:23,0
DA:24,0
DA:30,1
DA:75,1
DA:78,1
DA:82,1
DA:86,1
DA:88,1
DA:90,1
DA:93,1
DA:96,1
DA:109,1
DA:110,0
DA:111,0
DA:113,0
DA:114,0
DA:115,0
DA:118,1
DA:121,1
DA:124,1
DA:125,1
DA:126,1
DA:127,1
DA:128,1
DA:131,1
DA:132,1
DA:133,1
DA:134,1
DA:137,1
DA:140,1
DA:144,0
DA:154,0
DA:155,0
DA:156,0
DA:159,0
DA:165,1
DA:180,1
DA:182,1
DA:185,1
DA:187,1
DA:189,1
DA:191,1
DA:192,1
DA:193,1
DA:195,1
DA:196,1
DA:197,1
DA:200,1
DA:201,1
DA:204,1
DA:218,1
DA:220,1
DA:222,1
DA:224,1
DA:225,1
DA:226,1
DA:228,1
DA:230,1
DA:231,1
DA:234,1
DA:236,1
LF:74
LH:56
FN:10,24,cholesky_psd
FNDA:0,cholesky_psd
FN:30,159,rebalancing_model
FNDA:1,rebalancing_model
FN:165,236,mvo_model
FNDA:1,mvo_model
FNF:3
FNH:2
end_of_record
SF:src/ifunnel/models/MVOtargets.py
DA:1,1
DA:2,1
DA:3,1
DA:5,1
DA:10,1
DA:12,1
DA:13,1
DA:16,1
DA:18,1
DA:24,1
DA:27,1
DA:30,1
DA:32,1
DA:35,1
DA:38,1
DA:41,1
DA:45,1
DA:48,1
DA:49,1
DA:51,1
DA:54,1
DA:57,1
DA:60,1
DA:63,1
DA:64,1
DA:65,1
DA:66,1
DA:67,1
DA:70,1
DA:76,1
LF:30
LH:30
FN:10,18,portfolio_risk_target
FNDA:1,portfolio_risk_target
FN:24,76,get_mvo_targets
FNDA:1,get_mvo_targets
FNF:2
FNH:2
end_of_record
SF:src/ifunnel/models/ScenarioGeneration.py
DA:1,1
DA:3,1
DA:4,1
DA:5,1
DA:6,1
DA:9,1
DA:14,1
DA:15,1
DA:16,1
DA:17,1
DA:18,1
DA:19,1
DA:20,1
DA:21,1
DA:22,1
DA:23,1
DA:25,1
DA:26,1
DA:30,1
DA:32,1
DA:33,1
DA:36,1
DA:39,1
DA:40,1
DA:43,1
DA:44,1
DA:45,1
DA:48,1
DA:50,1
DA:52,1
DA:53,1
DA:67,0
DA:69,0
DA:71,1
DA:72,1
DA:81,0
DA:82,0
DA:85,0
DA:88,0
DA:90,0
DA:92,1
DA:93,1
DA:94,1
DA:97,1
DA:98,1
DA:100,1
DA:101,1
DA:102,1
DA:104,1
DA:105,1
DA:107,1
DA:112,1
DA:121,1
DA:124,1
DA:125,1
DA:127,1
DA:129,1
DA:130,1
DA:144,0
DA:145,0
DA:148,0
DA:151,0
DA:152,0
DA:154,0
DA:156,1
DA:157,1
DA:175,0
DA:178,0
DA:187,0
DA:190,0
DA:193,0
DA:196,0
DA:199,0
DA:200,0
DA:201,0
DA:204,0
DA:205,0
DA:206,0
DA:208,0
DA:211,1
DA:216,1
DA:217,1
DA:222,1
DA:230,1
DA:232,1
DA:233,1
DA:234,1
DA:235,1
DA:238,1
DA:239,1
DA:240,1
DA:242,1
DA:243,1
DA:246,1
DA:247,1
DA:248,1
DA:249,1
DA:250,1
DA:251,1
DA:252,1
DA:254,1
DA:259,1
DA:260,1
DA:262,1
DA:263,1
DA:264,1
DA:265,1
DA:266,1
DA:268,1
DA:269,1
DA:276,1
DA:277,1
DA:278,1
DA:279,1
DA:280,1
DA:281,1
DA:282,1
DA:284,1
DA:286,1
DA:308,0
DA:312,0
DA:313,0
DA:314,0
DA:317,0
DA:318,0
DA:321,0
DA:324,0
DA:325,0
DA:326,0
DA:327,0
DA:329,0
DA:331,0
DA:332,0
DA:334,0
DA:336,0
DA:340,0
DA:342,1
DA:361,0
DA:362,0
DA:364,0
DA:366,0
DA:367,0
DA:369,0
DA:370,0
DA:372,0
DA:373,0
DA:375,0
DA:377,0
DA:378,0
DA:380,0
LF:150
LH:94
FN:15,23,MomentGenerator._alpha_numerator
FNDA:1,MomentGenerator._alpha_numerator
FN:26,50,MomentGenerator._ledoit_wolf_shrinkage
FNDA:1,MomentGenerator._ledoit_wolf_shrinkage
FN:53,69,MomentGenerator._jorion_shrinkage
FNDA:0,MomentGenerator._jorion_shrinkage
FN:72,90,MomentGenerator.compute_annualized_covariance
FNDA:0,MomentGenerator.compute_annualized_covariance
FN:93,127,MomentGenerator.generate_sigma_mu_for_test_periods
FNDA:1,MomentGenerator.generate_sigma_mu_for_test_periods
FN:130,154,MomentGenerator.split_dataset
FNDA:0,MomentGenerator.split_dataset
FN:157,208,MomentGenerator.generate_annual_sigma_mu_with_risk_free
FNDA:0,MomentGenerator.generate_annual_sigma_mu_with_risk_free
FN:216,217,ScenarioGenerator.__init__
FNDA:1,ScenarioGenerator.__init__
FN:222,254,ScenarioGenerator.monte_carlo
FNDA:1,ScenarioGenerator.monte_carlo
FN:259,284,ScenarioGenerator.bootstrapping
FNDA:1,ScenarioGenerator.bootstrapping
FN:286,340,ScenarioGenerator.MC_simulation_annual_from_weekly
FNDA:0,ScenarioGenerator.MC_simulation_annual_from_weekly
FN:342,380,ScenarioGenerator.bootstrap_simulation_annual_from_weekly
FNDA:0,ScenarioGenerator.bootstrap_simulation_annual_from_weekly
FNF:12
FNH:6
end_of_record
SF:src/ifunnel/models/__init__.py
end_of_record
SF:src/ifunnel/models/dataAnalyser.py
DA:1,0
DA:2,0
DA:5,0
DA:8,0
DA:9,0
DA:10,0
DA:12,0
DA:14,0
DA:17,0
DA:21,0
DA:22,0
DA:24,0
DA:25,0
DA:27,0
DA:28,0
DA:29,0
DA:32,0
DA:36,0
DA:37,0
DA:38,0
DA:40,0
DA:43,0
DA:47,0
DA:49,0
DA:52,0
DA:53,0
DA:55,0
LF:27
LH:0
FN:5,14,mean_an_returns
FNDA:0,mean_an_returns
FN:17,40,final_stats
FNDA:0,final_stats
FN:43,55,get_weekly_returns
FNDA:0,get_weekly_returns
FNF:3
FNH:0
end_of_record
SF:src/ifunnel/models/lifecycle/MVOlifecycleModel.py
DA:1,0
DA:2,0
DA:3,0
DA:4,0
DA:6,0
DA:9,0
DA:13,0
DA:14,0
DA:16,0
DA:19,0
DA:20,0
DA:23,0
DA:25,0
DA:28,0
DA:30,0
DA:31,0
DA:32,0
DA:33,0
DA:36,0
DA:37,0
DA:38,0
DA:39,0
DA:40,0
DA:42,0
DA:43,0
DA:44,0
DA:45,0
DA:48,0
DA:61,0
DA:64,0
DA:96,0
DA:97,0
DA:98,0
DA:101,0
DA:104,0
DA:107,0
DA:109,0
DA:117,0
DA:118,0
DA:119,0
DA:121,0
DA:128,0
DA:129,0
DA:132,0
DA:133,0
DA:134,0
DA:135,0
DA:136,0
DA:137,0
DA:138,0
DA:139,0
DA:143,0
DA:146,0
DA:147,0
DA:148,0
DA:151,0
DA:178,0
DA:179,0
DA:180,0
DA:183,0
DA:185,0
DA:186,0
DA:194,0
DA:196,0
DA:197,0
DA:200,0
DA:226,0
DA:227,0
DA:228,0
DA:231,0
DA:241,0
DA:244,0
DA:247,0
DA:248,0
DA:250,0
DA:252,0
DA:253,0
DA:254,0
DA:255,0
DA:256,0
DA:259,0
DA:269,0
DA:270,0
DA:273,0
DA:274,0
DA:275,0
DA:277,0
DA:279,0
DA:280,0
DA:283,0
DA:284,0
DA:285,0
DA:286,0
DA:287,0
DA:288,0
DA:291,0
DA:293,0
DA:294,0
DA:295,0
DA:297,0
DA:300,0
DA:303,0
DA:313,0
DA:315,0
DA:318,0
DA:348,0
DA:349,0
DA:352,0
DA:370,0
DA:372,0
DA:374,0
DA:377,0
DA:387,0
DA:390,0
DA:395,0
DA:410,0
DA:411,0
DA:414,0
DA:417,0
DA:418,0
DA:419,0
DA:420,0
DA:423,0
DA:425,0
DA:429,0
LF:125
LH:0
FN:9,25,calculate_risk_metrics
FNDA:0,calculate_risk_metrics
FN:28,61,calculate_analysis_metrics
FNDA:0,calculate_analysis_metrics
FN:64,148,lifecycle_rebalance_model
FNDA:0,lifecycle_rebalance_model
FN:151,197,get_port_allocations
FNDA:0,get_port_allocations
FN:200,315,portfolio_rebalancing
FNDA:0,portfolio_rebalancing
FN:318,429,riskadjust_model_scen
FNDA:0,riskadjust_model_scen
FNF:6
FNH:0
end_of_record
SF:src/ifunnel/models/lifecycle/__init__.py
end_of_record
SF:src/ifunnel/models/lifecycle/glidePathCreator.py
DA:1,0
DA:2,0
DA:3,0
DA:6,0
DA:9,0
DA:10,0
DA:12,0
DA:13,0
DA:14,0
DA:16,0
DA:21,0
DA:31,0
DA:40,0
DA:48,0
DA:61,0
DA:62,0
DA:63,0
DA:65,0
DA:68,0
LF:19
LH:0
FN:6,68,generate_risk_profiles
FNDA:0,generate_risk_profiles
FNF:1
FNH:0
end_of_record
SF:src/ifunnel/models/main.py
DA:1,0
DA:2,0
DA:3,0
DA:5,0
DA:6,0
DA:7,0
DA:8,0
DA:9,0
DA:10,0
DA:11,0
DA:12,0
DA:14,0
DA:15,0
DA:16,0
DA:17,0
DA:18,0
DA:19,0
DA:23,0
DA:24,0
DA:25,0
DA:26,0
DA:28,0
DA:39,0
DA:40,0
DA:41,0
DA:43,0
DA:44,0
DA:47,0
DA:48,0
DA:49,0
DA:50,0
DA:51,0
DA:53,0
DA:54,0
DA:55,0
DA:56,0
DA:57,0
DA:60,0
DA:66,0
DA:67,0
DA:68,0
DA:69,0
DA:70,0
DA:71,0
DA:73,0
DA:75,0
DA:76,0
DA:85,0
DA:88,0
DA:89,0
DA:90,0
DA:91,0
DA:92,0
DA:93,0
DA:95,0
DA:99,0
DA:106,0
DA:110,0
DA:111,0
DA:112,0
DA:113,0
DA:114,0
DA:116,0
DA:117,0
DA:118,0
DA:119,0
DA:130,0
DA:131,0
DA:137,0
DA:138,0
DA:140,0
DA:141,0
DA:142,0
DA:148,0
DA:149,0
DA:154,0
DA:156,0
DA:157,0
DA:166,0
DA:178,0
DA:179,0
DA:181,0
DA:183,0
DA:185,0
DA:188,0
DA:189,0
DA:190,0
DA:193,0
DA:196,0
DA:199,0
DA:210,0
DA:222,0
DA:233,0
DA:251,0
DA:252,0
DA:253,0
DA:254,0
DA:255,0
DA:259,0
DA:260,0
DA:268,0
DA:269,0
DA:271,0
DA:272,0
DA:273,0
DA:274,0
DA:275,0
DA:276,0
DA:277,0
DA:278,0
DA:279,0
DA:281,0
DA:282,0
DA:295,0
DA:297,0
DA:298,0
DA:299,0
DA:301,0
DA:310,0
DA:311,0
DA:312,0
DA:314,0
DA:317,0
DA:322,0
DA:325,0
DA:327,0
DA:329,0
DA:337,0
DA:338,0
DA:342,0
DA:344,0
DA:348,0
DA:353,0
DA:354,0
DA:355,0
DA:358,0
DA:359,0
DA:364,0
DA:365,0
DA:366,0
DA:367,0
DA:369,0
DA:371,0
DA:372,0
DA:382,0
DA:391,0
DA:392,0
DA:400,0
DA:401,0
DA:402,0
DA:411,0
DA:412,0
DA:413,0
DA:415,0
DA:417,0
DA:419,0
DA:431,0
DA:432,0
DA:435,0
DA:438,0
DA:439,0
DA:440,0
DA:441,0
DA:444,0
DA:445,0
DA:446,0
DA:447,0
DA:448,0
DA:449,0
DA:452,0
DA:453,0
DA:454,0
DA:455,0
DA:457,0
DA:458,0
DA:459,0
DA:460,0
DA:463,0
DA:474,0
DA:488,0
DA:489,0
DA:492,0
DA:493,0
DA:494,0
DA:504,0
DA:505,0
DA:506,0
DA:507,0
DA:508,0
DA:510,0
DA:511,0
DA:513,0
DA:514,0
DA:515,0
DA:518,0
DA:527,0
DA:530,0
DA:531,0
DA:536,0
DA:538,0
DA:540,0
DA:542,0
DA:545,0
DA:549,0
DA:550,0
DA:553,0
DA:554,0
DA:555,0
DA:562,0
DA:564,0
DA:575,0
DA:576,0
DA:580,0
DA:583,0
DA:584,0
DA:585,0
DA:590,0
DA:591,0
DA:600,0
DA:602,0
DA:618,0
DA:621,0
DA:624,0
DA:631,0
DA:633,0
DA:634,0
DA:638,0
DA:639,0
DA:647,0
DA:655,0
DA:656,0
DA:657,0
DA:665,0
DA:677,0
DA:678,0
DA:692,0
DA:707,0
DA:717,0
DA:718,0
DA:720,0
DA:722,0
DA:737,0
DA:738,0
DA:741,0
DA:742,0
DA:746,0
DA:748,0
DA:750,0
DA:755,0
DA:756,0
DA:758,0
DA:760,0
DA:761,0
DA:768,0
DA:769,0
DA:776,0
DA:782,0
DA:786,0
DA:787,0
DA:788,0
DA:795,0
DA:798,0
DA:799,0
DA:801,0
DA:802,0
DA:806,0
DA:816,0
DA:818,0
DA:819,0
DA:822,0
DA:830,0
DA:841,0
DA:850,0
DA:855,0
DA:865,0
DA:868,0
DA:871,0
DA:880,0
DA:891,0
LF:279
LH:0
FN:40,41,LazyBot.__init__
FNDA:0,LazyBot.__init__
FN:44,57,LazyBot.algo
FNDA:0,LazyBot.algo
FN:47,51,LazyBot.algo.build_bot
FNDA:0,LazyBot.algo.build_bot
FN:66,73,_TradeBot.__init__
FNDA:0,_TradeBot.__init__
FN:76,154,_TradeBot.__plot_backtest
FNDA:0,_TradeBot.__plot_backtest
FN:157,342,_TradeBot.__plot_portfolio_densities
FNDA:0,_TradeBot.__plot_portfolio_densities
FN:344,369,_TradeBot.get_stat
FNDA:0,_TradeBot.get_stat
FN:371,417,_TradeBot.get_top_performing_assets
FNDA:0,_TradeBot.get_top_performing_assets
FN:419,538,_TradeBot.plot_dots
FNDA:0,_TradeBot.plot_dots
FN:540,562,_TradeBot.mst
FNDA:0,_TradeBot.mst
FN:564,600,_TradeBot.clustering
FNDA:0,_TradeBot.clustering
FN:602,720,_TradeBot.backtest
FNDA:0,_TradeBot.backtest
FN:722,838,_TradeBot.lifecycle_scenario_analysis
FNDA:0,_TradeBot.lifecycle_scenario_analysis
FNF:13
FNH:0
end_of_record
SF:src/ifunnel/settings.py
DA:1,0
DA:2,0
DA:4,0
DA:7,0
DA:10,0
DA:11,0
DA:12,0
DA:13,0
DA:16,0
LF:9
LH:0
end_of_record
