{"meta": {"format": 3, "version": "7.6.12", "timestamp": "2025-02-26T04:17:24.405971", "branch_coverage": false, "show_contexts": false}, "files": {"src/ifunnel/__init__.py": {"executed_lines": [0], "summary": {"covered_lines": 0, "num_statements": 0, "percent_covered": 100.0, "percent_covered_display": "100", "missing_lines": 0, "excluded_lines": 0}, "missing_lines": [], "excluded_lines": [], "functions": {"": {"executed_lines": [], "summary": {"covered_lines": 0, "num_statements": 0, "percent_covered": 100.0, "percent_covered_display": "100", "missing_lines": 0, "excluded_lines": 0}, "missing_lines": [], "excluded_lines": []}}, "classes": {"": {"executed_lines": [], "summary": {"covered_lines": 0, "num_statements": 0, "percent_covered": 100.0, "percent_covered_display": "100", "missing_lines": 0, "excluded_lines": 0}, "missing_lines": [], "excluded_lines": []}}}, "src/ifunnel/financial_data_preprocessing/__init__.py": {"executed_lines": [], "summary": {"covered_lines": 0, "num_statements": 0, "percent_covered": 100.0, "percent_covered_display": "100", "missing_lines": 0, "excluded_lines": 0}, "missing_lines": [], "excluded_lines": [], "functions": {"": {"executed_lines": [], "summary": {"covered_lines": 0, "num_statements": 0, "percent_covered": 100.0, "percent_covered_display": "100", "missing_lines": 0, "excluded_lines": 0}, "missing_lines": [], "excluded_lines": []}}, "classes": {"": {"executed_lines": [], "summary": {"covered_lines": 0, "num_statements": 0, "percent_covered": 100.0, "percent_covered_display": "100", "missing_lines": 0, "excluded_lines": 0}, "missing_lines": [], "excluded_lines": []}}}, "src/ifunnel/financial_data_preprocessing/clean_downloaded_data.py": {"executed_lines": [], "summary": {"covered_lines": 0, "num_statements": 49, "percent_covered": 0.0, "percent_covered_display": "0", "missing_lines": 49, "excluded_lines": 0}, "missing_lines": [1, 3, 6, 10, 13, 15, 16, 19, 20, 21, 22, 23, 24, 25, 26, 27, 29, 32, 33, 34, 35, 36, 37, 38, 39, 40, 42, 43, 44, 47, 50, 51, 52, 53, 54, 55, 56, 59, 62, 63, 64, 67, 69, 70, 72, 78, 79, 82, 85], "excluded_lines": [], "functions": {"clean_data": {"executed_lines": [], "summary": {"covered_lines": 0, "num_statements": 42, "percent_covered": 0.0, "percent_covered_display": "0", "missing_lines": 42, "excluded_lines": 0}, "missing_lines": [10, 13, 15, 16, 19, 20, 21, 22, 23, 24, 25, 26, 27, 29, 32, 33, 34, 35, 36, 37, 38, 39, 40, 42, 43, 44, 47, 50, 51, 52, 53, 54, 55, 56, 59, 62, 63, 64, 67, 69, 70, 72], "excluded_lines": []}, "": {"executed_lines": [], "summary": {"covered_lines": 0, "num_statements": 7, "percent_covered": 0.0, "percent_covered_display": "0", "missing_lines": 7, "excluded_lines": 0}, "missing_lines": [1, 3, 6, 78, 79, 82, 85], "excluded_lines": []}}, "classes": {"": {"executed_lines": [], "summary": {"covered_lines": 0, "num_statements": 49, "percent_covered": 0.0, "percent_covered_display": "0", "missing_lines": 49, "excluded_lines": 0}, "missing_lines": [1, 3, 6, 10, 13, 15, 16, 19, 20, 21, 22, 23, 24, 25, 26, 27, 29, 32, 33, 34, 35, 36, 37, 38, 39, 40, 42, 43, 44, 47, 50, 51, 52, 53, 54, 55, 56, 59, 62, 63, 64, 67, 69, 70, 72, 78, 79, 82, 85], "excluded_lines": []}}}, "src/ifunnel/financial_data_preprocessing/gams_transfer.py": {"executed_lines": [], "summary": {"covered_lines": 0, "num_statements": 0, "percent_covered": 100.0, "percent_covered_display": "100", "missing_lines": 0, "excluded_lines": 0}, "missing_lines": [], "excluded_lines": [], "functions": {"": {"executed_lines": [], "summary": {"covered_lines": 0, "num_statements": 0, "percent_covered": 100.0, "percent_covered_display": "100", "missing_lines": 0, "excluded_lines": 0}, "missing_lines": [], "excluded_lines": []}}, "classes": {"": {"executed_lines": [], "summary": {"covered_lines": 0, "num_statements": 0, "percent_covered": 100.0, "percent_covered_display": "100", "missing_lines": 0, "excluded_lines": 0}, "missing_lines": [], "excluded_lines": []}}}, "src/ifunnel/financial_data_preprocessing/get_algostrata_data.py": {"executed_lines": [], "summary": {"covered_lines": 0, "num_statements": 49, "percent_covered": 0.0, "percent_covered_display": "0", "missing_lines": 49, "excluded_lines": 0}, "missing_lines": [1, 3, 4, 5, 6, 8, 13, 14, 15, 16, 21, 22, 23, 24, 26, 33, 35, 36, 37, 38, 42, 43, 44, 45, 47, 49, 50, 59, 60, 61, 62, 64, 67, 69, 70, 71, 72, 73, 76, 77, 78, 81, 90, 91, 92, 94, 97, 99, 101], "excluded_lines": [], "functions": {"batch": {"executed_lines": [], "summary": {"covered_lines": 0, "num_statements": 3, "percent_covered": 0.0, "percent_covered_display": "0", "missing_lines": 3, "excluded_lines": 0}, "missing_lines": [14, 15, 16], "excluded_lines": []}, "get_algostrata_data": {"executed_lines": [], "summary": {"covered_lines": 0, "num_statements": 35, "percent_covered": 0.0, "percent_covered_display": "0", "missing_lines": 35, "excluded_lines": 0}, "missing_lines": [22, 23, 24, 26, 33, 35, 36, 37, 38, 42, 43, 44, 45, 47, 49, 50, 59, 60, 61, 62, 64, 67, 69, 70, 71, 72, 73, 76, 77, 78, 81, 90, 91, 92, 94], "excluded_lines": []}, "": {"executed_lines": [], "summary": {"covered_lines": 0, "num_statements": 11, "percent_covered": 0.0, "percent_covered_display": "0", "missing_lines": 11, "excluded_lines": 0}, "missing_lines": [1, 3, 4, 5, 6, 8, 13, 21, 97, 99, 101], "excluded_lines": []}}, "classes": {"": {"executed_lines": [], "summary": {"covered_lines": 0, "num_statements": 49, "percent_covered": 0.0, "percent_covered_display": "0", "missing_lines": 49, "excluded_lines": 0}, "missing_lines": [1, 3, 4, 5, 6, 8, 13, 14, 15, 16, 21, 22, 23, 24, 26, 33, 35, 36, 37, 38, 42, 43, 44, 45, 47, 49, 50, 59, 60, 61, 62, 64, 67, 69, 70, 71, 72, 73, 76, 77, 78, 81, 90, 91, 92, 94, 97, 99, 101], "excluded_lines": []}}}, "src/ifunnel/financial_data_preprocessing/get_yahoo_data.py": {"executed_lines": [], "summary": {"covered_lines": 0, "num_statements": 19, "percent_covered": 0.0, "percent_covered_display": "0", "missing_lines": 19, "excluded_lines": 0}, "missing_lines": [1, 3, 4, 5, 8, 14, 15, 16, 17, 18, 20, 23, 25, 26, 27, 28, 36, 37, 41], "excluded_lines": [], "functions": {"download_data": {"executed_lines": [], "summary": {"covered_lines": 0, "num_statements": 6, "percent_covered": 0.0, "percent_covered_display": "0", "missing_lines": 6, "excluded_lines": 0}, "missing_lines": [14, 15, 16, 17, 18, 20], "excluded_lines": []}, "": {"executed_lines": [], "summary": {"covered_lines": 0, "num_statements": 13, "percent_covered": 0.0, "percent_covered_display": "0", "missing_lines": 13, "excluded_lines": 0}, "missing_lines": [1, 3, 4, 5, 8, 23, 25, 26, 27, 28, 36, 37, 41], "excluded_lines": []}}, "classes": {"": {"executed_lines": [], "summary": {"covered_lines": 0, "num_statements": 19, "percent_covered": 0.0, "percent_covered_display": "0", "missing_lines": 19, "excluded_lines": 0}, "missing_lines": [1, 3, 4, 5, 8, 14, 15, 16, 17, 18, 20, 23, 25, 26, 27, 28, 36, 37, 41], "excluded_lines": []}}}, "src/ifunnel/models/CVaRmodel.py": {"executed_lines": [1, 3, 4, 5, 6, 12, 61, 62, 65, 67, 71, 73, 75, 77, 79, 80, 83, 86, 102, 111, 114, 117, 118, 119, 120, 121, 124, 125, 126, 127, 130, 133, 158, 173, 174, 176, 179, 181, 183, 185, 186, 187, 189, 190, 191, 194, 197, 200, 215, 217, 219, 221, 222, 223, 225, 227, 228, 231, 233], "summary": {"covered_lines": 59, "num_statements": 69, "percent_covered": 85.5072463768116, "percent_covered_display": "86", "missing_lines": 10, "excluded_lines": 0}, "missing_lines": [103, 104, 106, 107, 108, 137, 147, 148, 149, 152], "excluded_lines": [], "functions": {"rebalancing_model": {"executed_lines": [61, 62, 65, 67, 71, 73, 75, 77, 79, 80, 83, 86, 102, 111, 114, 117, 118, 119, 120, 121, 124, 125, 126, 127, 130, 133], "summary": {"covered_lines": 26, "num_statements": 36, "percent_covered": 72.22222222222223, "percent_covered_display": "72", "missing_lines": 10, "excluded_lines": 0}, "missing_lines": [103, 104, 106, 107, 108, 137, 147, 148, 149, 152], "excluded_lines": []}, "cvar_model": {"executed_lines": [173, 174, 176, 179, 181, 183, 185, 186, 187, 189, 190, 191, 194, 197, 200, 215, 217, 219, 221, 222, 223, 225, 227, 228, 231, 233], "summary": {"covered_lines": 26, "num_statements": 26, "percent_covered": 100.0, "percent_covered_display": "100", "missing_lines": 0, "excluded_lines": 0}, "missing_lines": [], "excluded_lines": []}, "": {"executed_lines": [1, 3, 4, 5, 6, 12, 158], "summary": {"covered_lines": 7, "num_statements": 7, "percent_covered": 100.0, "percent_covered_display": "100", "missing_lines": 0, "excluded_lines": 0}, "missing_lines": [], "excluded_lines": []}}, "classes": {"": {"executed_lines": [1, 3, 4, 5, 6, 12, 61, 62, 65, 67, 71, 73, 75, 77, 79, 80, 83, 86, 102, 111, 114, 117, 118, 119, 120, 121, 124, 125, 126, 127, 130, 133, 158, 173, 174, 176, 179, 181, 183, 185, 186, 187, 189, 190, 191, 194, 197, 200, 215, 217, 219, 221, 222, 223, 225, 227, 228, 231, 233], "summary": {"covered_lines": 59, "num_statements": 69, "percent_covered": 85.5072463768116, "percent_covered_display": "86", "missing_lines": 10, "excluded_lines": 0}, "missing_lines": [103, 104, 106, 107, 108, 137, 147, 148, 149, 152], "excluded_lines": []}}}, "src/ifunnel/models/CVaRtargets.py": {"executed_lines": [1, 2, 3, 5, 9, 17, 18, 19, 22, 25, 28, 29, 31, 36, 38, 41, 44, 47, 50, 52, 58, 67, 70, 72, 75, 78, 82, 90, 91, 94, 95, 97, 100, 102, 105, 108, 109, 110, 111, 112, 115, 121], "summary": {"covered_lines": 42, "num_statements": 42, "percent_covered": 100.0, "percent_covered_display": "100", "missing_lines": 0, "excluded_lines": 0}, "missing_lines": [], "excluded_lines": [], "functions": {"CVaR": {"executed_lines": [17, 18, 19, 22, 25, 28, 29, 31], "summary": {"covered_lines": 8, "num_statements": 8, "percent_covered": 100.0, "percent_covered_display": "100", "missing_lines": 0, "excluded_lines": 0}, "missing_lines": [], "excluded_lines": []}, "portfolio_risk_target": {"executed_lines": [38, 41, 44, 47, 50, 52], "summary": {"covered_lines": 6, "num_statements": 6, "percent_covered": 100.0, "percent_covered_display": "100", "missing_lines": 0, "excluded_lines": 0}, "missing_lines": [], "excluded_lines": []}, "get_cvar_targets": {"executed_lines": [67, 70, 72, 75, 78, 82, 90, 91, 94, 95, 97, 100, 102, 105, 108, 109, 110, 111, 112, 115, 121], "summary": {"covered_lines": 21, "num_statements": 21, "percent_covered": 100.0, "percent_covered_display": "100", "missing_lines": 0, "excluded_lines": 0}, "missing_lines": [], "excluded_lines": []}, "": {"executed_lines": [1, 2, 3, 5, 9, 36, 58], "summary": {"covered_lines": 7, "num_statements": 7, "percent_covered": 100.0, "percent_covered_display": "100", "missing_lines": 0, "excluded_lines": 0}, "missing_lines": [], "excluded_lines": []}}, "classes": {"": {"executed_lines": [1, 2, 3, 5, 9, 17, 18, 19, 22, 25, 28, 29, 31, 36, 38, 41, 44, 47, 50, 52, 58, 67, 70, 72, 75, 78, 82, 90, 91, 94, 95, 97, 100, 102, 105, 108, 109, 110, 111, 112, 115, 121], "summary": {"covered_lines": 42, "num_statements": 42, "percent_covered": 100.0, "percent_covered_display": "100", "missing_lines": 0, "excluded_lines": 0}, "missing_lines": [], "excluded_lines": []}}}, "src/ifunnel/models/Clustering.py": {"executed_lines": [], "summary": {"covered_lines": 0, "num_statements": 53, "percent_covered": 0.0, "percent_covered_display": "0", "missing_lines": 53, "excluded_lines": 0}, "missing_lines": [1, 2, 3, 4, 5, 8, 12, 13, 14, 15, 17, 19, 20, 21, 22, 23, 24, 25, 26, 27, 28, 36, 37, 38, 41, 45, 47, 48, 51, 52, 54, 56, 57, 66, 70, 71, 72, 76, 79, 82, 83, 85, 88, 92, 94, 95, 97, 99, 100, 102, 103, 106, 108], "excluded_lines": [], "functions": {"fancy_dendrogram": {"executed_lines": [], "summary": {"covered_lines": 0, "num_statements": 18, "percent_covered": 0.0, "percent_covered_display": "0", "missing_lines": 18, "excluded_lines": 0}, "missing_lines": [12, 13, 14, 15, 17, 19, 20, 21, 22, 23, 24, 25, 26, 27, 28, 36, 37, 38], "excluded_lines": []}, "cluster": {"executed_lines": [], "summary": {"covered_lines": 0, "num_statements": 17, "percent_covered": 0.0, "percent_covered_display": "0", "missing_lines": 17, "excluded_lines": 0}, "missing_lines": [45, 47, 48, 51, 52, 54, 56, 57, 66, 70, 71, 72, 76, 79, 82, 83, 85], "excluded_lines": []}, "pick_cluster": {"executed_lines": [], "summary": {"covered_lines": 0, "num_statements": 10, "percent_covered": 0.0, "percent_covered_display": "0", "missing_lines": 10, "excluded_lines": 0}, "missing_lines": [92, 94, 95, 97, 99, 100, 102, 103, 106, 108], "excluded_lines": []}, "": {"executed_lines": [], "summary": {"covered_lines": 0, "num_statements": 8, "percent_covered": 0.0, "percent_covered_display": "0", "missing_lines": 8, "excluded_lines": 0}, "missing_lines": [1, 2, 3, 4, 5, 8, 41, 88], "excluded_lines": []}}, "classes": {"": {"executed_lines": [], "summary": {"covered_lines": 0, "num_statements": 53, "percent_covered": 0.0, "percent_covered_display": "0", "missing_lines": 53, "excluded_lines": 0}, "missing_lines": [1, 2, 3, 4, 5, 8, 12, 13, 14, 15, 17, 19, 20, 21, 22, 23, 24, 25, 26, 27, 28, 36, 37, 38, 41, 45, 47, 48, 51, 52, 54, 56, 57, 66, 70, 71, 72, 76, 79, 82, 83, 85, 88, 92, 94, 95, 97, 99, 100, 102, 103, 106, 108], "excluded_lines": []}}}, "src/ifunnel/models/MST.py": {"executed_lines": [1, 2, 3, 4, 5, 8, 9, 11, 12, 13, 14, 17, 18, 19, 20, 21, 22, 23, 26, 27, 28, 29, 30, 33, 36, 37, 38, 39, 42, 45, 46, 49, 50, 51, 52, 53, 54, 56], "summary": {"covered_lines": 38, "num_statements": 38, "percent_covered": 100.0, "percent_covered_display": "100", "missing_lines": 0, "excluded_lines": 0}, "missing_lines": [], "excluded_lines": [], "functions": {"minimum_spanning_tree": {"executed_lines": [9, 11, 12, 13, 14, 17, 18, 19, 20, 21, 22, 23, 26, 27, 28, 29, 30, 33, 36, 37, 38, 39, 42, 45, 46, 49, 50, 51, 52, 53, 54, 56], "summary": {"covered_lines": 32, "num_statements": 32, "percent_covered": 100.0, "percent_covered_display": "100", "missing_lines": 0, "excluded_lines": 0}, "missing_lines": [], "excluded_lines": []}, "": {"executed_lines": [1, 2, 3, 4, 5, 8], "summary": {"covered_lines": 6, "num_statements": 6, "percent_covered": 100.0, "percent_covered_display": "100", "missing_lines": 0, "excluded_lines": 0}, "missing_lines": [], "excluded_lines": []}}, "classes": {"": {"executed_lines": [1, 2, 3, 4, 5, 8, 9, 11, 12, 13, 14, 17, 18, 19, 20, 21, 22, 23, 26, 27, 28, 29, 30, 33, 36, 37, 38, 39, 42, 45, 46, 49, 50, 51, 52, 53, 54, 56], "summary": {"covered_lines": 38, "num_statements": 38, "percent_covered": 100.0, "percent_covered_display": "100", "missing_lines": 0, "excluded_lines": 0}, "missing_lines": [], "excluded_lines": []}}}, "src/ifunnel/models/MVOmodel.py": {"executed_lines": [1, 3, 4, 5, 6, 7, 10, 30, 75, 78, 82, 86, 88, 90, 93, 96, 109, 118, 121, 124, 125, 126, 127, 128, 131, 132, 133, 134, 137, 140, 165, 180, 182, 185, 187, 189, 191, 192, 193, 195, 196, 197, 200, 201, 204, 218, 220, 222, 224, 225, 226, 228, 230, 231, 234, 236], "summary": {"covered_lines": 56, "num_statements": 74, "percent_covered": 75.67567567567568, "percent_covered_display": "76", "missing_lines": 18, "excluded_lines": 0}, "missing_lines": [14, 15, 18, 19, 20, 22, 23, 24, 110, 111, 113, 114, 115, 144, 154, 155, 156, 159], "excluded_lines": [], "functions": {"cholesky_psd": {"executed_lines": [], "summary": {"covered_lines": 0, "num_statements": 8, "percent_covered": 0.0, "percent_covered_display": "0", "missing_lines": 8, "excluded_lines": 0}, "missing_lines": [14, 15, 18, 19, 20, 22, 23, 24], "excluded_lines": []}, "rebalancing_model": {"executed_lines": [75, 78, 82, 86, 88, 90, 93, 96, 109, 118, 121, 124, 125, 126, 127, 128, 131, 132, 133, 134, 137, 140], "summary": {"covered_lines": 22, "num_statements": 32, "percent_covered": 68.75, "percent_covered_display": "69", "missing_lines": 10, "excluded_lines": 0}, "missing_lines": [110, 111, 113, 114, 115, 144, 154, 155, 156, 159], "excluded_lines": []}, "mvo_model": {"executed_lines": [180, 182, 185, 187, 189, 191, 192, 193, 195, 196, 197, 200, 201, 204, 218, 220, 222, 224, 225, 226, 228, 230, 231, 234, 236], "summary": {"covered_lines": 25, "num_statements": 25, "percent_covered": 100.0, "percent_covered_display": "100", "missing_lines": 0, "excluded_lines": 0}, "missing_lines": [], "excluded_lines": []}, "": {"executed_lines": [1, 3, 4, 5, 6, 7, 10, 30, 165], "summary": {"covered_lines": 9, "num_statements": 9, "percent_covered": 100.0, "percent_covered_display": "100", "missing_lines": 0, "excluded_lines": 0}, "missing_lines": [], "excluded_lines": []}}, "classes": {"": {"executed_lines": [1, 3, 4, 5, 6, 7, 10, 30, 75, 78, 82, 86, 88, 90, 93, 96, 109, 118, 121, 124, 125, 126, 127, 128, 131, 132, 133, 134, 137, 140, 165, 180, 182, 185, 187, 189, 191, 192, 193, 195, 196, 197, 200, 201, 204, 218, 220, 222, 224, 225, 226, 228, 230, 231, 234, 236], "summary": {"covered_lines": 56, "num_statements": 74, "percent_covered": 75.67567567567568, "percent_covered_display": "76", "missing_lines": 18, "excluded_lines": 0}, "missing_lines": [14, 15, 18, 19, 20, 22, 23, 24, 110, 111, 113, 114, 115, 144, 154, 155, 156, 159], "excluded_lines": []}}}, "src/ifunnel/models/MVOtargets.py": {"executed_lines": [1, 2, 3, 5, 10, 12, 13, 16, 18, 24, 27, 30, 32, 35, 38, 41, 45, 48, 49, 51, 54, 57, 60, 63, 64, 65, 66, 67, 70, 76], "summary": {"covered_lines": 30, "num_statements": 30, "percent_covered": 100.0, "percent_covered_display": "100", "missing_lines": 0, "excluded_lines": 0}, "missing_lines": [], "excluded_lines": [], "functions": {"portfolio_risk_target": {"executed_lines": [12, 13, 16, 18], "summary": {"covered_lines": 4, "num_statements": 4, "percent_covered": 100.0, "percent_covered_display": "100", "missing_lines": 0, "excluded_lines": 0}, "missing_lines": [], "excluded_lines": []}, "get_mvo_targets": {"executed_lines": [27, 30, 32, 35, 38, 41, 45, 48, 49, 51, 54, 57, 60, 63, 64, 65, 66, 67, 70, 76], "summary": {"covered_lines": 20, "num_statements": 20, "percent_covered": 100.0, "percent_covered_display": "100", "missing_lines": 0, "excluded_lines": 0}, "missing_lines": [], "excluded_lines": []}, "": {"executed_lines": [1, 2, 3, 5, 10, 24], "summary": {"covered_lines": 6, "num_statements": 6, "percent_covered": 100.0, "percent_covered_display": "100", "missing_lines": 0, "excluded_lines": 0}, "missing_lines": [], "excluded_lines": []}}, "classes": {"": {"executed_lines": [1, 2, 3, 5, 10, 12, 13, 16, 18, 24, 27, 30, 32, 35, 38, 41, 45, 48, 49, 51, 54, 57, 60, 63, 64, 65, 66, 67, 70, 76], "summary": {"covered_lines": 30, "num_statements": 30, "percent_covered": 100.0, "percent_covered_display": "100", "missing_lines": 0, "excluded_lines": 0}, "missing_lines": [], "excluded_lines": []}}}, "src/ifunnel/models/ScenarioGeneration.py": {"executed_lines": [1, 3, 4, 5, 6, 9, 10, 14, 15, 16, 17, 18, 19, 20, 21, 22, 23, 25, 26, 30, 32, 33, 36, 39, 40, 43, 44, 45, 48, 50, 52, 53, 71, 72, 92, 93, 94, 97, 98, 100, 101, 102, 104, 105, 107, 112, 121, 124, 125, 127, 129, 130, 156, 157, 211, 212, 216, 217, 222, 230, 232, 233, 234, 235, 238, 239, 240, 242, 243, 246, 247, 248, 249, 250, 251, 252, 254, 259, 260, 262, 263, 264, 265, 266, 268, 269, 276, 277, 278, 279, 280, 281, 282, 284, 286, 342], "summary": {"covered_lines": 94, "num_statements": 150, "percent_covered": 62.666666666666664, "percent_covered_display": "63", "missing_lines": 56, "excluded_lines": 0}, "missing_lines": [67, 69, 81, 82, 85, 88, 90, 144, 145, 148, 151, 152, 154, 175, 178, 187, 190, 193, 196, 199, 200, 201, 204, 205, 206, 208, 308, 312, 313, 314, 317, 318, 321, 324, 325, 326, 327, 329, 331, 332, 334, 336, 340, 361, 362, 364, 366, 367, 369, 370, 372, 373, 375, 377, 378, 380], "excluded_lines": [], "functions": {"MomentGenerator._alpha_numerator": {"executed_lines": [16, 17, 18, 19, 20, 21, 22, 23], "summary": {"covered_lines": 8, "num_statements": 8, "percent_covered": 100.0, "percent_covered_display": "100", "missing_lines": 0, "excluded_lines": 0}, "missing_lines": [], "excluded_lines": []}, "MomentGenerator._ledoit_wolf_shrinkage": {"executed_lines": [30, 32, 33, 36, 39, 40, 43, 44, 45, 48, 50], "summary": {"covered_lines": 11, "num_statements": 11, "percent_covered": 100.0, "percent_covered_display": "100", "missing_lines": 0, "excluded_lines": 0}, "missing_lines": [], "excluded_lines": []}, "MomentGenerator._jorion_shrinkage": {"executed_lines": [], "summary": {"covered_lines": 0, "num_statements": 2, "percent_covered": 0.0, "percent_covered_display": "0", "missing_lines": 2, "excluded_lines": 0}, "missing_lines": [67, 69], "excluded_lines": []}, "MomentGenerator.compute_annualized_covariance": {"executed_lines": [], "summary": {"covered_lines": 0, "num_statements": 5, "percent_covered": 0.0, "percent_covered_display": "0", "missing_lines": 5, "excluded_lines": 0}, "missing_lines": [81, 82, 85, 88, 90], "excluded_lines": []}, "MomentGenerator.generate_sigma_mu_for_test_periods": {"executed_lines": [94, 97, 98, 100, 101, 102, 104, 105, 107, 112, 121, 124, 125, 127], "summary": {"covered_lines": 14, "num_statements": 14, "percent_covered": 100.0, "percent_covered_display": "100", "missing_lines": 0, "excluded_lines": 0}, "missing_lines": [], "excluded_lines": []}, "MomentGenerator.split_dataset": {"executed_lines": [], "summary": {"covered_lines": 0, "num_statements": 6, "percent_covered": 0.0, "percent_covered_display": "0", "missing_lines": 6, "excluded_lines": 0}, "missing_lines": [144, 145, 148, 151, 152, 154], "excluded_lines": []}, "MomentGenerator.generate_annual_sigma_mu_with_risk_free": {"executed_lines": [], "summary": {"covered_lines": 0, "num_statements": 13, "percent_covered": 0.0, "percent_covered_display": "0", "missing_lines": 13, "excluded_lines": 0}, "missing_lines": [175, 178, 187, 190, 193, 196, 199, 200, 201, 204, 205, 206, 208], "excluded_lines": []}, "ScenarioGenerator.__init__": {"executed_lines": [217], "summary": {"covered_lines": 1, "num_statements": 1, "percent_covered": 100.0, "percent_covered_display": "100", "missing_lines": 0, "excluded_lines": 0}, "missing_lines": [], "excluded_lines": []}, "ScenarioGenerator.monte_carlo": {"executed_lines": [230, 232, 233, 234, 235, 238, 239, 240, 242, 243, 246, 247, 248, 249, 250, 251, 252, 254], "summary": {"covered_lines": 18, "num_statements": 18, "percent_covered": 100.0, "percent_covered_display": "100", "missing_lines": 0, "excluded_lines": 0}, "missing_lines": [], "excluded_lines": []}, "ScenarioGenerator.bootstrapping": {"executed_lines": [260, 262, 263, 264, 265, 266, 268, 269, 276, 277, 278, 279, 280, 281, 282, 284], "summary": {"covered_lines": 16, "num_statements": 16, "percent_covered": 100.0, "percent_covered_display": "100", "missing_lines": 0, "excluded_lines": 0}, "missing_lines": [], "excluded_lines": []}, "ScenarioGenerator.MC_simulation_annual_from_weekly": {"executed_lines": [], "summary": {"covered_lines": 0, "num_statements": 17, "percent_covered": 0.0, "percent_covered_display": "0", "missing_lines": 17, "excluded_lines": 0}, "missing_lines": [308, 312, 313, 314, 317, 318, 321, 324, 325, 326, 327, 329, 331, 332, 334, 336, 340], "excluded_lines": []}, "ScenarioGenerator.bootstrap_simulation_annual_from_weekly": {"executed_lines": [], "summary": {"covered_lines": 0, "num_statements": 13, "percent_covered": 0.0, "percent_covered_display": "0", "missing_lines": 13, "excluded_lines": 0}, "missing_lines": [361, 362, 364, 366, 367, 369, 370, 372, 373, 375, 377, 378, 380], "excluded_lines": []}, "": {"executed_lines": [1, 3, 4, 5, 6, 9, 10, 14, 15, 25, 26, 52, 53, 71, 72, 92, 93, 129, 130, 156, 157, 211, 212, 216, 222, 259, 286, 342], "summary": {"covered_lines": 26, "num_statements": 26, "percent_covered": 100.0, "percent_covered_display": "100", "missing_lines": 0, "excluded_lines": 0}, "missing_lines": [], "excluded_lines": []}}, "classes": {"MomentGenerator": {"executed_lines": [16, 17, 18, 19, 20, 21, 22, 23, 30, 32, 33, 36, 39, 40, 43, 44, 45, 48, 50, 94, 97, 98, 100, 101, 102, 104, 105, 107, 112, 121, 124, 125, 127], "summary": {"covered_lines": 33, "num_statements": 59, "percent_covered": 55.932203389830505, "percent_covered_display": "56", "missing_lines": 26, "excluded_lines": 0}, "missing_lines": [67, 69, 81, 82, 85, 88, 90, 144, 145, 148, 151, 152, 154, 175, 178, 187, 190, 193, 196, 199, 200, 201, 204, 205, 206, 208], "excluded_lines": []}, "ScenarioGenerator": {"executed_lines": [217, 230, 232, 233, 234, 235, 238, 239, 240, 242, 243, 246, 247, 248, 249, 250, 251, 252, 254, 260, 262, 263, 264, 265, 266, 268, 269, 276, 277, 278, 279, 280, 281, 282, 284], "summary": {"covered_lines": 35, "num_statements": 65, "percent_covered": 53.84615384615385, "percent_covered_display": "54", "missing_lines": 30, "excluded_lines": 0}, "missing_lines": [308, 312, 313, 314, 317, 318, 321, 324, 325, 326, 327, 329, 331, 332, 334, 336, 340, 361, 362, 364, 366, 367, 369, 370, 372, 373, 375, 377, 378, 380], "excluded_lines": []}, "": {"executed_lines": [1, 3, 4, 5, 6, 9, 10, 14, 15, 25, 26, 52, 53, 71, 72, 92, 93, 129, 130, 156, 157, 211, 212, 216, 222, 259, 286, 342], "summary": {"covered_lines": 26, "num_statements": 26, "percent_covered": 100.0, "percent_covered_display": "100", "missing_lines": 0, "excluded_lines": 0}, "missing_lines": [], "excluded_lines": []}}}, "src/ifunnel/models/__init__.py": {"executed_lines": [0], "summary": {"covered_lines": 0, "num_statements": 0, "percent_covered": 100.0, "percent_covered_display": "100", "missing_lines": 0, "excluded_lines": 0}, "missing_lines": [], "excluded_lines": [], "functions": {"": {"executed_lines": [], "summary": {"covered_lines": 0, "num_statements": 0, "percent_covered": 100.0, "percent_covered_display": "100", "missing_lines": 0, "excluded_lines": 0}, "missing_lines": [], "excluded_lines": []}}, "classes": {"": {"executed_lines": [], "summary": {"covered_lines": 0, "num_statements": 0, "percent_covered": 100.0, "percent_covered_display": "100", "missing_lines": 0, "excluded_lines": 0}, "missing_lines": [], "excluded_lines": []}}}, "src/ifunnel/models/dataAnalyser.py": {"executed_lines": [], "summary": {"covered_lines": 0, "num_statements": 27, "percent_covered": 0.0, "percent_covered_display": "0", "missing_lines": 27, "excluded_lines": 0}, "missing_lines": [1, 2, 5, 8, 9, 10, 12, 14, 17, 21, 22, 24, 25, 27, 28, 29, 32, 36, 37, 38, 40, 43, 47, 49, 52, 53, 55], "excluded_lines": [], "functions": {"mean_an_returns": {"executed_lines": [], "summary": {"covered_lines": 0, "num_statements": 5, "percent_covered": 0.0, "percent_covered_display": "0", "missing_lines": 5, "excluded_lines": 0}, "missing_lines": [8, 9, 10, 12, 14], "excluded_lines": []}, "final_stats": {"executed_lines": [], "summary": {"covered_lines": 0, "num_statements": 12, "percent_covered": 0.0, "percent_covered_display": "0", "missing_lines": 12, "excluded_lines": 0}, "missing_lines": [21, 22, 24, 25, 27, 28, 29, 32, 36, 37, 38, 40], "excluded_lines": []}, "get_weekly_returns": {"executed_lines": [], "summary": {"covered_lines": 0, "num_statements": 5, "percent_covered": 0.0, "percent_covered_display": "0", "missing_lines": 5, "excluded_lines": 0}, "missing_lines": [47, 49, 52, 53, 55], "excluded_lines": []}, "": {"executed_lines": [], "summary": {"covered_lines": 0, "num_statements": 5, "percent_covered": 0.0, "percent_covered_display": "0", "missing_lines": 5, "excluded_lines": 0}, "missing_lines": [1, 2, 5, 17, 43], "excluded_lines": []}}, "classes": {"": {"executed_lines": [], "summary": {"covered_lines": 0, "num_statements": 27, "percent_covered": 0.0, "percent_covered_display": "0", "missing_lines": 27, "excluded_lines": 0}, "missing_lines": [1, 2, 5, 8, 9, 10, 12, 14, 17, 21, 22, 24, 25, 27, 28, 29, 32, 36, 37, 38, 40, 43, 47, 49, 52, 53, 55], "excluded_lines": []}}}, "src/ifunnel/models/lifecycle/MVOlifecycleModel.py": {"executed_lines": [], "summary": {"covered_lines": 0, "num_statements": 125, "percent_covered": 0.0, "percent_covered_display": "0", "missing_lines": 125, "excluded_lines": 0}, "missing_lines": [1, 2, 3, 4, 6, 9, 13, 14, 16, 19, 20, 23, 25, 28, 30, 31, 32, 33, 36, 37, 38, 39, 40, 42, 43, 44, 45, 48, 61, 64, 96, 97, 98, 101, 104, 107, 109, 117, 118, 119, 121, 128, 129, 132, 133, 134, 135, 136, 137, 138, 139, 143, 146, 147, 148, 151, 178, 179, 180, 183, 185, 186, 194, 196, 197, 200, 226, 227, 228, 231, 241, 244, 247, 248, 250, 252, 253, 254, 255, 256, 259, 269, 270, 273, 274, 275, 277, 279, 280, 283, 284, 285, 286, 287, 288, 291, 293, 294, 295, 297, 300, 303, 313, 315, 318, 348, 349, 352, 370, 372, 374, 377, 387, 390, 395, 410, 411, 414, 417, 418, 419, 420, 423, 425, 429], "excluded_lines": [], "functions": {"calculate_risk_metrics": {"executed_lines": [], "summary": {"covered_lines": 0, "num_statements": 7, "percent_covered": 0.0, "percent_covered_display": "0", "missing_lines": 7, "excluded_lines": 0}, "missing_lines": [13, 14, 16, 19, 20, 23, 25], "excluded_lines": []}, "calculate_analysis_metrics": {"executed_lines": [], "summary": {"covered_lines": 0, "num_statements": 15, "percent_covered": 0.0, "percent_covered_display": "0", "missing_lines": 15, "excluded_lines": 0}, "missing_lines": [30, 31, 32, 33, 36, 37, 38, 39, 40, 42, 43, 44, 45, 48, 61], "excluded_lines": []}, "lifecycle_rebalance_model": {"executed_lines": [], "summary": {"covered_lines": 0, "num_statements": 25, "percent_covered": 0.0, "percent_covered_display": "0", "missing_lines": 25, "excluded_lines": 0}, "missing_lines": [96, 97, 98, 101, 104, 107, 109, 117, 118, 119, 121, 128, 129, 132, 133, 134, 135, 136, 137, 138, 139, 143, 146, 147, 148], "excluded_lines": []}, "get_port_allocations": {"executed_lines": [], "summary": {"covered_lines": 0, "num_statements": 9, "percent_covered": 0.0, "percent_covered_display": "0", "missing_lines": 9, "excluded_lines": 0}, "missing_lines": [178, 179, 180, 183, 185, 186, 194, 196, 197], "excluded_lines": []}, "portfolio_rebalancing": {"executed_lines": [], "summary": {"covered_lines": 0, "num_statements": 38, "percent_covered": 0.0, "percent_covered_display": "0", "missing_lines": 38, "excluded_lines": 0}, "missing_lines": [226, 227, 228, 231, 241, 244, 247, 248, 250, 252, 253, 254, 255, 256, 259, 269, 270, 273, 274, 275, 277, 279, 280, 283, 284, 285, 286, 287, 288, 291, 293, 294, 295, 297, 300, 303, 313, 315], "excluded_lines": []}, "riskadjust_model_scen": {"executed_lines": [], "summary": {"covered_lines": 0, "num_statements": 20, "percent_covered": 0.0, "percent_covered_display": "0", "missing_lines": 20, "excluded_lines": 0}, "missing_lines": [348, 349, 352, 370, 372, 374, 377, 387, 390, 395, 410, 411, 414, 417, 418, 419, 420, 423, 425, 429], "excluded_lines": []}, "": {"executed_lines": [], "summary": {"covered_lines": 0, "num_statements": 11, "percent_covered": 0.0, "percent_covered_display": "0", "missing_lines": 11, "excluded_lines": 0}, "missing_lines": [1, 2, 3, 4, 6, 9, 28, 64, 151, 200, 318], "excluded_lines": []}}, "classes": {"": {"executed_lines": [], "summary": {"covered_lines": 0, "num_statements": 125, "percent_covered": 0.0, "percent_covered_display": "0", "missing_lines": 125, "excluded_lines": 0}, "missing_lines": [1, 2, 3, 4, 6, 9, 13, 14, 16, 19, 20, 23, 25, 28, 30, 31, 32, 33, 36, 37, 38, 39, 40, 42, 43, 44, 45, 48, 61, 64, 96, 97, 98, 101, 104, 107, 109, 117, 118, 119, 121, 128, 129, 132, 133, 134, 135, 136, 137, 138, 139, 143, 146, 147, 148, 151, 178, 179, 180, 183, 185, 186, 194, 196, 197, 200, 226, 227, 228, 231, 241, 244, 247, 248, 250, 252, 253, 254, 255, 256, 259, 269, 270, 273, 274, 275, 277, 279, 280, 283, 284, 285, 286, 287, 288, 291, 293, 294, 295, 297, 300, 303, 313, 315, 318, 348, 349, 352, 370, 372, 374, 377, 387, 390, 395, 410, 411, 414, 417, 418, 419, 420, 423, 425, 429], "excluded_lines": []}}}, "src/ifunnel/models/lifecycle/__init__.py": {"executed_lines": [], "summary": {"covered_lines": 0, "num_statements": 0, "percent_covered": 100.0, "percent_covered_display": "100", "missing_lines": 0, "excluded_lines": 0}, "missing_lines": [], "excluded_lines": [], "functions": {"": {"executed_lines": [], "summary": {"covered_lines": 0, "num_statements": 0, "percent_covered": 100.0, "percent_covered_display": "100", "missing_lines": 0, "excluded_lines": 0}, "missing_lines": [], "excluded_lines": []}}, "classes": {"": {"executed_lines": [], "summary": {"covered_lines": 0, "num_statements": 0, "percent_covered": 100.0, "percent_covered_display": "100", "missing_lines": 0, "excluded_lines": 0}, "missing_lines": [], "excluded_lines": []}}}, "src/ifunnel/models/lifecycle/glidePathCreator.py": {"executed_lines": [], "summary": {"covered_lines": 0, "num_statements": 19, "percent_covered": 0.0, "percent_covered_display": "0", "missing_lines": 19, "excluded_lines": 0}, "missing_lines": [1, 2, 3, 6, 9, 10, 12, 13, 14, 16, 21, 31, 40, 48, 61, 62, 63, 65, 68], "excluded_lines": [], "functions": {"generate_risk_profiles": {"executed_lines": [], "summary": {"covered_lines": 0, "num_statements": 15, "percent_covered": 0.0, "percent_covered_display": "0", "missing_lines": 15, "excluded_lines": 0}, "missing_lines": [9, 10, 12, 13, 14, 16, 21, 31, 40, 48, 61, 62, 63, 65, 68], "excluded_lines": []}, "": {"executed_lines": [], "summary": {"covered_lines": 0, "num_statements": 4, "percent_covered": 0.0, "percent_covered_display": "0", "missing_lines": 4, "excluded_lines": 0}, "missing_lines": [1, 2, 3, 6], "excluded_lines": []}}, "classes": {"": {"executed_lines": [], "summary": {"covered_lines": 0, "num_statements": 19, "percent_covered": 0.0, "percent_covered_display": "0", "missing_lines": 19, "excluded_lines": 0}, "missing_lines": [1, 2, 3, 6, 9, 10, 12, 13, 14, 16, 21, 31, 40, 48, 61, 62, 63, 65, 68], "excluded_lines": []}}}, "src/ifunnel/models/main.py": {"executed_lines": [], "summary": {"covered_lines": 0, "num_statements": 279, "percent_covered": 0.0, "percent_covered_display": "0", "missing_lines": 279, "excluded_lines": 0}, "missing_lines": [1, 2, 3, 5, 6, 7, 8, 9, 10, 11, 12, 14, 15, 16, 17, 18, 19, 23, 24, 25, 26, 28, 39, 40, 41, 43, 44, 47, 48, 49, 50, 51, 53, 54, 55, 56, 57, 60, 66, 67, 68, 69, 70, 71, 73, 75, 76, 85, 88, 89, 90, 91, 92, 93, 95, 99, 106, 110, 111, 112, 113, 114, 116, 117, 118, 119, 130, 131, 137, 138, 140, 141, 142, 148, 149, 154, 156, 157, 166, 178, 179, 181, 183, 185, 188, 189, 190, 193, 196, 199, 210, 222, 233, 251, 252, 253, 254, 255, 259, 260, 268, 269, 271, 272, 273, 274, 275, 276, 277, 278, 279, 281, 282, 295, 297, 298, 299, 301, 310, 311, 312, 314, 317, 322, 325, 327, 329, 337, 338, 342, 344, 348, 353, 354, 355, 358, 359, 364, 365, 366, 367, 369, 371, 372, 382, 391, 392, 400, 401, 402, 411, 412, 413, 415, 417, 419, 431, 432, 435, 438, 439, 440, 441, 444, 445, 446, 447, 448, 449, 452, 453, 454, 455, 457, 458, 459, 460, 463, 474, 488, 489, 492, 493, 494, 504, 505, 506, 507, 508, 510, 511, 513, 514, 515, 518, 527, 530, 531, 536, 538, 540, 542, 545, 549, 550, 553, 554, 555, 562, 564, 575, 576, 580, 583, 584, 585, 590, 591, 600, 602, 618, 621, 624, 631, 633, 634, 638, 639, 647, 655, 656, 657, 665, 677, 678, 692, 707, 717, 718, 720, 722, 737, 738, 741, 742, 746, 748, 750, 755, 756, 758, 760, 761, 768, 769, 776, 782, 786, 787, 788, 795, 798, 799, 801, 802, 806, 816, 818, 819, 822, 830, 841, 850, 855, 865, 868, 871, 880, 891], "excluded_lines": [], "functions": {"LazyBot.__init__": {"executed_lines": [], "summary": {"covered_lines": 0, "num_statements": 1, "percent_covered": 0.0, "percent_covered_display": "0", "missing_lines": 1, "excluded_lines": 0}, "missing_lines": [41], "excluded_lines": []}, "LazyBot.algo": {"executed_lines": [], "summary": {"covered_lines": 0, "num_statements": 6, "percent_covered": 0.0, "percent_covered_display": "0", "missing_lines": 6, "excluded_lines": 0}, "missing_lines": [47, 53, 54, 55, 56, 57], "excluded_lines": []}, "LazyBot.algo.build_bot": {"executed_lines": [], "summary": {"covered_lines": 0, "num_statements": 4, "percent_covered": 0.0, "percent_covered_display": "0", "missing_lines": 4, "excluded_lines": 0}, "missing_lines": [48, 49, 50, 51], "excluded_lines": []}, "_TradeBot.__init__": {"executed_lines": [], "summary": {"covered_lines": 0, "num_statements": 6, "percent_covered": 0.0, "percent_covered_display": "0", "missing_lines": 6, "excluded_lines": 0}, "missing_lines": [67, 68, 69, 70, 71, 73], "excluded_lines": []}, "_TradeBot.__plot_backtest": {"executed_lines": [], "summary": {"covered_lines": 0, "num_statements": 29, "percent_covered": 0.0, "percent_covered_display": "0", "missing_lines": 29, "excluded_lines": 0}, "missing_lines": [85, 88, 89, 90, 91, 92, 93, 95, 99, 106, 110, 111, 112, 113, 114, 116, 117, 118, 119, 130, 131, 137, 138, 140, 141, 142, 148, 149, 154], "excluded_lines": []}, "_TradeBot.__plot_portfolio_densities": {"executed_lines": [], "summary": {"covered_lines": 0, "num_statements": 52, "percent_covered": 0.0, "percent_covered_display": "0", "missing_lines": 52, "excluded_lines": 0}, "missing_lines": [166, 178, 179, 181, 183, 185, 188, 189, 190, 193, 196, 199, 210, 222, 233, 251, 252, 253, 254, 255, 259, 260, 268, 269, 271, 272, 273, 274, 275, 276, 277, 278, 279, 281, 282, 295, 297, 298, 299, 301, 310, 311, 312, 314, 317, 322, 325, 327, 329, 337, 338, 342], "excluded_lines": []}, "_TradeBot.get_stat": {"executed_lines": [], "summary": {"covered_lines": 0, "num_statements": 11, "percent_covered": 0.0, "percent_covered_display": "0", "missing_lines": 11, "excluded_lines": 0}, "missing_lines": [348, 353, 354, 355, 358, 359, 364, 365, 366, 367, 369], "excluded_lines": []}, "_TradeBot.get_top_performing_assets": {"executed_lines": [], "summary": {"covered_lines": 0, "num_statements": 12, "percent_covered": 0.0, "percent_covered_display": "0", "missing_lines": 12, "excluded_lines": 0}, "missing_lines": [372, 382, 391, 392, 400, 401, 402, 411, 412, 413, 415, 417], "excluded_lines": []}, "_TradeBot.plot_dots": {"executed_lines": [], "summary": {"covered_lines": 0, "num_statements": 44, "percent_covered": 0.0, "percent_covered_display": "0", "missing_lines": 44, "excluded_lines": 0}, "missing_lines": [431, 432, 435, 438, 439, 440, 441, 444, 445, 446, 447, 448, 449, 452, 453, 454, 455, 457, 458, 459, 460, 463, 474, 488, 489, 492, 493, 494, 504, 505, 506, 507, 508, 510, 511, 513, 514, 515, 518, 527, 530, 531, 536, 538], "excluded_lines": []}, "_TradeBot.mst": {"executed_lines": [], "summary": {"covered_lines": 0, "num_statements": 8, "percent_covered": 0.0, "percent_covered_display": "0", "missing_lines": 8, "excluded_lines": 0}, "missing_lines": [542, 545, 549, 550, 553, 554, 555, 562], "excluded_lines": []}, "_TradeBot.clustering": {"executed_lines": [], "summary": {"covered_lines": 0, "num_statements": 9, "percent_covered": 0.0, "percent_covered_display": "0", "missing_lines": 9, "excluded_lines": 0}, "missing_lines": [575, 576, 580, 583, 584, 585, 590, 591, 600], "excluded_lines": []}, "_TradeBot.backtest": {"executed_lines": [], "summary": {"covered_lines": 0, "num_statements": 20, "percent_covered": 0.0, "percent_covered_display": "0", "missing_lines": 20, "excluded_lines": 0}, "missing_lines": [618, 621, 624, 631, 633, 634, 638, 639, 647, 655, 656, 657, 665, 677, 678, 692, 707, 717, 718, 720], "excluded_lines": []}, "_TradeBot.lifecycle_scenario_analysis": {"executed_lines": [], "summary": {"covered_lines": 0, "num_statements": 30, "percent_covered": 0.0, "percent_covered_display": "0", "missing_lines": 30, "excluded_lines": 0}, "missing_lines": [737, 738, 741, 742, 746, 748, 750, 755, 756, 758, 760, 761, 768, 769, 776, 782, 786, 787, 788, 795, 798, 799, 801, 802, 806, 816, 818, 819, 822, 830], "excluded_lines": []}, "": {"executed_lines": [], "summary": {"covered_lines": 0, "num_statements": 47, "percent_covered": 0.0, "percent_covered_display": "0", "missing_lines": 47, "excluded_lines": 0}, "missing_lines": [1, 2, 3, 5, 6, 7, 8, 9, 10, 11, 12, 14, 15, 16, 17, 18, 19, 23, 24, 25, 26, 28, 39, 40, 43, 44, 60, 66, 75, 76, 156, 157, 344, 371, 419, 540, 564, 602, 722, 841, 850, 855, 865, 868, 871, 880, 891], "excluded_lines": []}}, "classes": {"LazyBot": {"executed_lines": [], "summary": {"covered_lines": 0, "num_statements": 11, "percent_covered": 0.0, "percent_covered_display": "0", "missing_lines": 11, "excluded_lines": 0}, "missing_lines": [41, 47, 48, 49, 50, 51, 53, 54, 55, 56, 57], "excluded_lines": []}, "_TradeBot": {"executed_lines": [], "summary": {"covered_lines": 0, "num_statements": 221, "percent_covered": 0.0, "percent_covered_display": "0", "missing_lines": 221, "excluded_lines": 0}, "missing_lines": [67, 68, 69, 70, 71, 73, 85, 88, 89, 90, 91, 92, 93, 95, 99, 106, 110, 111, 112, 113, 114, 116, 117, 118, 119, 130, 131, 137, 138, 140, 141, 142, 148, 149, 154, 166, 178, 179, 181, 183, 185, 188, 189, 190, 193, 196, 199, 210, 222, 233, 251, 252, 253, 254, 255, 259, 260, 268, 269, 271, 272, 273, 274, 275, 276, 277, 278, 279, 281, 282, 295, 297, 298, 299, 301, 310, 311, 312, 314, 317, 322, 325, 327, 329, 337, 338, 342, 348, 353, 354, 355, 358, 359, 364, 365, 366, 367, 369, 372, 382, 391, 392, 400, 401, 402, 411, 412, 413, 415, 417, 431, 432, 435, 438, 439, 440, 441, 444, 445, 446, 447, 448, 449, 452, 453, 454, 455, 457, 458, 459, 460, 463, 474, 488, 489, 492, 493, 494, 504, 505, 506, 507, 508, 510, 511, 513, 514, 515, 518, 527, 530, 531, 536, 538, 542, 545, 549, 550, 553, 554, 555, 562, 575, 576, 580, 583, 584, 585, 590, 591, 600, 618, 621, 624, 631, 633, 634, 638, 639, 647, 655, 656, 657, 665, 677, 678, 692, 707, 717, 718, 720, 737, 738, 741, 742, 746, 748, 750, 755, 756, 758, 760, 761, 768, 769, 776, 782, 786, 787, 788, 795, 798, 799, 801, 802, 806, 816, 818, 819, 822, 830], "excluded_lines": []}, "": {"executed_lines": [], "summary": {"covered_lines": 0, "num_statements": 47, "percent_covered": 0.0, "percent_covered_display": "0", "missing_lines": 47, "excluded_lines": 0}, "missing_lines": [1, 2, 3, 5, 6, 7, 8, 9, 10, 11, 12, 14, 15, 16, 17, 18, 19, 23, 24, 25, 26, 28, 39, 40, 43, 44, 60, 66, 75, 76, 156, 157, 344, 371, 419, 540, 564, 602, 722, 841, 850, 855, 865, 868, 871, 880, 891], "excluded_lines": []}}}, "src/ifunnel/settings.py": {"executed_lines": [], "summary": {"covered_lines": 0, "num_statements": 9, "percent_covered": 0.0, "percent_covered_display": "0", "missing_lines": 9, "excluded_lines": 0}, "missing_lines": [1, 2, 4, 7, 10, 11, 12, 13, 16], "excluded_lines": [], "functions": {"": {"executed_lines": [], "summary": {"covered_lines": 0, "num_statements": 9, "percent_covered": 0.0, "percent_covered_display": "0", "missing_lines": 9, "excluded_lines": 0}, "missing_lines": [1, 2, 4, 7, 10, 11, 12, 13, 16], "excluded_lines": []}}, "classes": {"Settings": {"executed_lines": [], "summary": {"covered_lines": 0, "num_statements": 0, "percent_covered": 100.0, "percent_covered_display": "100", "missing_lines": 0, "excluded_lines": 0}, "missing_lines": [], "excluded_lines": []}, "": {"executed_lines": [], "summary": {"covered_lines": 0, "num_statements": 9, "percent_covered": 0.0, "percent_covered_display": "0", "missing_lines": 9, "excluded_lines": 0}, "missing_lines": [1, 2, 4, 7, 10, 11, 12, 13, 16], "excluded_lines": []}}}}, "totals": {"covered_lines": 319, "num_statements": 1032, "percent_covered": 30.910852713178294, "percent_covered_display": "31", "missing_lines": 713, "excluded_lines": 0}}