{"meta": {"format": 3, "version": "7.6.12", "timestamp": "2025-02-25T04:28:04.694576", "branch_coverage": false, "show_contexts": false}, "files": {"src/funnel/__init__.py": {"executed_lines": [0], "summary": {"covered_lines": 0, "num_statements": 0, "percent_covered": 100.0, "percent_covered_display": "100", "missing_lines": 0, "excluded_lines": 0}, "missing_lines": [], "excluded_lines": [], "functions": {"": {"executed_lines": [], "summary": {"covered_lines": 0, "num_statements": 0, "percent_covered": 100.0, "percent_covered_display": "100", "missing_lines": 0, "excluded_lines": 0}, "missing_lines": [], "excluded_lines": []}}, "classes": {"": {"executed_lines": [], "summary": {"covered_lines": 0, "num_statements": 0, "percent_covered": 100.0, "percent_covered_display": "100", "missing_lines": 0, "excluded_lines": 0}, "missing_lines": [], "excluded_lines": []}}}, "src/funnel/financial_data_preprocessing/__init__.py": {"executed_lines": [], "summary": {"covered_lines": 0, "num_statements": 0, "percent_covered": 100.0, "percent_covered_display": "100", "missing_lines": 0, "excluded_lines": 0}, "missing_lines": [], "excluded_lines": [], "functions": {"": {"executed_lines": [], "summary": {"covered_lines": 0, "num_statements": 0, "percent_covered": 100.0, "percent_covered_display": "100", "missing_lines": 0, "excluded_lines": 0}, "missing_lines": [], "excluded_lines": []}}, "classes": {"": {"executed_lines": [], "summary": {"covered_lines": 0, "num_statements": 0, "percent_covered": 100.0, "percent_covered_display": "100", "missing_lines": 0, "excluded_lines": 0}, "missing_lines": [], "excluded_lines": []}}}, "src/funnel/financial_data_preprocessing/clean_downloaded_data.py": {"executed_lines": [], "summary": {"covered_lines": 0, "num_statements": 49, "percent_covered": 0.0, "percent_covered_display": "0", "missing_lines": 49, "excluded_lines": 0}, "missing_lines": [1, 3, 6, 10, 13, 15, 16, 19, 20, 21, 22, 23, 24, 25, 26, 27, 29, 32, 33, 34, 35, 36, 37, 38, 39, 40, 42, 43, 44, 47, 50, 51, 52, 53, 54, 55, 56, 59, 62, 63, 64, 67, 69, 70, 72, 78, 79, 82, 85], "excluded_lines": [], "functions": {"clean_data": {"executed_lines": [], "summary": {"covered_lines": 0, "num_statements": 42, "percent_covered": 0.0, "percent_covered_display": "0", "missing_lines": 42, "excluded_lines": 0}, "missing_lines": [10, 13, 15, 16, 19, 20, 21, 22, 23, 24, 25, 26, 27, 29, 32, 33, 34, 35, 36, 37, 38, 39, 40, 42, 43, 44, 47, 50, 51, 52, 53, 54, 55, 56, 59, 62, 63, 64, 67, 69, 70, 72], "excluded_lines": []}, "": {"executed_lines": [], "summary": {"covered_lines": 0, "num_statements": 7, "percent_covered": 0.0, "percent_covered_display": "0", "missing_lines": 7, "excluded_lines": 0}, "missing_lines": [1, 3, 6, 78, 79, 82, 85], "excluded_lines": []}}, "classes": {"": {"executed_lines": [], "summary": {"covered_lines": 0, "num_statements": 49, "percent_covered": 0.0, "percent_covered_display": "0", "missing_lines": 49, "excluded_lines": 0}, "missing_lines": [1, 3, 6, 10, 13, 15, 16, 19, 20, 21, 22, 23, 24, 25, 26, 27, 29, 32, 33, 34, 35, 36, 37, 38, 39, 40, 42, 43, 44, 47, 50, 51, 52, 53, 54, 55, 56, 59, 62, 63, 64, 67, 69, 70, 72, 78, 79, 82, 85], "excluded_lines": []}}}, "src/funnel/financial_data_preprocessing/gams_transfer.py": {"executed_lines": [], "summary": {"covered_lines": 0, "num_statements": 0, "percent_covered": 100.0, "percent_covered_display": "100", "missing_lines": 0, "excluded_lines": 0}, "missing_lines": [], "excluded_lines": [], "functions": {"": {"executed_lines": [], "summary": {"covered_lines": 0, "num_statements": 0, "percent_covered": 100.0, "percent_covered_display": "100", "missing_lines": 0, "excluded_lines": 0}, "missing_lines": [], "excluded_lines": []}}, "classes": {"": {"executed_lines": [], "summary": {"covered_lines": 0, "num_statements": 0, "percent_covered": 100.0, "percent_covered_display": "100", "missing_lines": 0, "excluded_lines": 0}, "missing_lines": [], "excluded_lines": []}}}, "src/funnel/financial_data_preprocessing/get_algostrata_data.py": {"executed_lines": [], "summary": {"covered_lines": 0, "num_statements": 49, "percent_covered": 0.0, "percent_covered_display": "0", "missing_lines": 49, "excluded_lines": 0}, "missing_lines": [1, 3, 4, 5, 6, 8, 13, 14, 15, 16, 21, 22, 23, 24, 26, 33, 35, 36, 37, 38, 42, 43, 44, 45, 47, 49, 50, 59, 60, 61, 62, 64, 67, 69, 70, 71, 72, 73, 76, 77, 78, 81, 90, 91, 92, 94, 97, 99, 101], "excluded_lines": [], "functions": {"batch": {"executed_lines": [], "summary": {"covered_lines": 0, "num_statements": 3, "percent_covered": 0.0, "percent_covered_display": "0", "missing_lines": 3, "excluded_lines": 0}, "missing_lines": [14, 15, 16], "excluded_lines": []}, "get_algostrata_data": {"executed_lines": [], "summary": {"covered_lines": 0, "num_statements": 35, "percent_covered": 0.0, "percent_covered_display": "0", "missing_lines": 35, "excluded_lines": 0}, "missing_lines": [22, 23, 24, 26, 33, 35, 36, 37, 38, 42, 43, 44, 45, 47, 49, 50, 59, 60, 61, 62, 64, 67, 69, 70, 71, 72, 73, 76, 77, 78, 81, 90, 91, 92, 94], "excluded_lines": []}, "": {"executed_lines": [], "summary": {"covered_lines": 0, "num_statements": 11, "percent_covered": 0.0, "percent_covered_display": "0", "missing_lines": 11, "excluded_lines": 0}, "missing_lines": [1, 3, 4, 5, 6, 8, 13, 21, 97, 99, 101], "excluded_lines": []}}, "classes": {"": {"executed_lines": [], "summary": {"covered_lines": 0, "num_statements": 49, "percent_covered": 0.0, "percent_covered_display": "0", "missing_lines": 49, "excluded_lines": 0}, "missing_lines": [1, 3, 4, 5, 6, 8, 13, 14, 15, 16, 21, 22, 23, 24, 26, 33, 35, 36, 37, 38, 42, 43, 44, 45, 47, 49, 50, 59, 60, 61, 62, 64, 67, 69, 70, 71, 72, 73, 76, 77, 78, 81, 90, 91, 92, 94, 97, 99, 101], "excluded_lines": []}}}, "src/funnel/financial_data_preprocessing/get_yahoo_data.py": {"executed_lines": [], "summary": {"covered_lines": 0, "num_statements": 19, "percent_covered": 0.0, "percent_covered_display": "0", "missing_lines": 19, "excluded_lines": 0}, "missing_lines": [1, 3, 4, 5, 8, 14, 15, 16, 17, 18, 20, 23, 25, 26, 27, 28, 36, 37, 41], "excluded_lines": [], "functions": {"download_data": {"executed_lines": [], "summary": {"covered_lines": 0, "num_statements": 6, "percent_covered": 0.0, "percent_covered_display": "0", "missing_lines": 6, "excluded_lines": 0}, "missing_lines": [14, 15, 16, 17, 18, 20], "excluded_lines": []}, "": {"executed_lines": [], "summary": {"covered_lines": 0, "num_statements": 13, "percent_covered": 0.0, "percent_covered_display": "0", "missing_lines": 13, "excluded_lines": 0}, "missing_lines": [1, 3, 4, 5, 8, 23, 25, 26, 27, 28, 36, 37, 41], "excluded_lines": []}}, "classes": {"": {"executed_lines": [], "summary": {"covered_lines": 0, "num_statements": 19, "percent_covered": 0.0, "percent_covered_display": "0", "missing_lines": 19, "excluded_lines": 0}, "missing_lines": [1, 3, 4, 5, 8, 14, 15, 16, 17, 18, 20, 23, 25, 26, 27, 28, 36, 37, 41], "excluded_lines": []}}}, "src/funnel/models/CVaRmodel.py": {"executed_lines": [1, 3, 4, 5, 6, 12, 61, 62, 65, 67, 71, 73, 75, 77, 79, 80, 83, 86, 102, 111, 114, 117, 118, 119, 120, 121, 124, 125, 126, 127, 130, 133, 158, 173, 174, 176, 179, 181, 183, 185, 186, 187, 189, 190, 191, 194, 197, 200, 215, 217, 219, 221, 222, 223, 225, 227, 228, 231, 233], "summary": {"covered_lines": 59, "num_statements": 69, "percent_covered": 85.5072463768116, "percent_covered_display": "86", "missing_lines": 10, "excluded_lines": 0}, "missing_lines": [103, 104, 106, 107, 108, 137, 147, 148, 149, 152], "excluded_lines": [], "functions": {"rebalancing_model": {"executed_lines": [61, 62, 65, 67, 71, 73, 75, 77, 79, 80, 83, 86, 102, 111, 114, 117, 118, 119, 120, 121, 124, 125, 126, 127, 130, 133], "summary": {"covered_lines": 26, "num_statements": 36, "percent_covered": 72.22222222222223, "percent_covered_display": "72", "missing_lines": 10, "excluded_lines": 0}, "missing_lines": [103, 104, 106, 107, 108, 137, 147, 148, 149, 152], "excluded_lines": []}, "cvar_model": {"executed_lines": [173, 174, 176, 179, 181, 183, 185, 186, 187, 189, 190, 191, 194, 197, 200, 215, 217, 219, 221, 222, 223, 225, 227, 228, 231, 233], "summary": {"covered_lines": 26, "num_statements": 26, "percent_covered": 100.0, "percent_covered_display": "100", "missing_lines": 0, "excluded_lines": 0}, "missing_lines": [], "excluded_lines": []}, "": {"executed_lines": [1, 3, 4, 5, 6, 12, 158], "summary": {"covered_lines": 7, "num_statements": 7, "percent_covered": 100.0, "percent_covered_display": "100", "missing_lines": 0, "excluded_lines": 0}, "missing_lines": [], "excluded_lines": []}}, "classes": {"": {"executed_lines": [1, 3, 4, 5, 6, 12, 61, 62, 65, 67, 71, 73, 75, 77, 79, 80, 83, 86, 102, 111, 114, 117, 118, 119, 120, 121, 124, 125, 126, 127, 130, 133, 158, 173, 174, 176, 179, 181, 183, 185, 186, 187, 189, 190, 191, 194, 197, 200, 215, 217, 219, 221, 222, 223, 225, 227, 228, 231, 233], "summary": {"covered_lines": 59, "num_statements": 69, "percent_covered": 85.5072463768116, "percent_covered_display": "86", "missing_lines": 10, "excluded_lines": 0}, "missing_lines": [103, 104, 106, 107, 108, 137, 147, 148, 149, 152], "excluded_lines": []}}}, "src/funnel/models/CVaRtargets.py": {"executed_lines": [1, 2, 3, 5, 9, 17, 18, 19, 22, 25, 28, 29, 31, 36, 38, 41, 44, 47, 50, 52, 58, 67, 70, 72, 75, 78, 82, 90, 91, 94, 95, 97, 100, 102, 105, 108, 109, 110, 111, 112, 115, 121], "summary": {"covered_lines": 42, "num_statements": 42, "percent_covered": 100.0, "percent_covered_display": "100", "missing_lines": 0, "excluded_lines": 0}, "missing_lines": [], "excluded_lines": [], "functions": {"CVaR": {"executed_lines": [17, 18, 19, 22, 25, 28, 29, 31], "summary": {"covered_lines": 8, "num_statements": 8, "percent_covered": 100.0, "percent_covered_display": "100", "missing_lines": 0, "excluded_lines": 0}, "missing_lines": [], "excluded_lines": []}, "portfolio_risk_target": {"executed_lines": [38, 41, 44, 47, 50, 52], "summary": {"covered_lines": 6, "num_statements": 6, "percent_covered": 100.0, "percent_covered_display": "100", "missing_lines": 0, "excluded_lines": 0}, "missing_lines": [], "excluded_lines": []}, "get_cvar_targets": {"executed_lines": [67, 70, 72, 75, 78, 82, 90, 91, 94, 95, 97, 100, 102, 105, 108, 109, 110, 111, 112, 115, 121], "summary": {"covered_lines": 21, "num_statements": 21, "percent_covered": 100.0, "percent_covered_display": "100", "missing_lines": 0, "excluded_lines": 0}, "missing_lines": [], "excluded_lines": []}, "": {"executed_lines": [1, 2, 3, 5, 9, 36, 58], "summary": {"covered_lines": 7, "num_statements": 7, "percent_covered": 100.0, "percent_covered_display": "100", "missing_lines": 0, "excluded_lines": 0}, "missing_lines": [], "excluded_lines": []}}, "classes": {"": {"executed_lines": [1, 2, 3, 5, 9, 17, 18, 19, 22, 25, 28, 29, 31, 36, 38, 41, 44, 47, 50, 52, 58, 67, 70, 72, 75, 78, 82, 90, 91, 94, 95, 97, 100, 102, 105, 108, 109, 110, 111, 112, 115, 121], "summary": {"covered_lines": 42, "num_statements": 42, "percent_covered": 100.0, "percent_covered_display": "100", "missing_lines": 0, "excluded_lines": 0}, "missing_lines": [], "excluded_lines": []}}}, "src/funnel/models/Clustering.py": {"executed_lines": [], "summary": {"covered_lines": 0, "num_statements": 53, "percent_covered": 0.0, "percent_covered_display": "0", "missing_lines": 53, "excluded_lines": 0}, "missing_lines": [1, 2, 3, 4, 5, 8, 12, 13, 14, 15, 17, 19, 20, 21, 22, 23, 24, 25, 26, 27, 28, 36, 37, 38, 41, 45, 47, 48, 51, 52, 54, 56, 57, 66, 70, 71, 72, 76, 79, 82, 83, 85, 88, 92, 94, 95, 97, 99, 100, 102, 103, 106, 108], "excluded_lines": [], "functions": {"fancy_dendrogram": {"executed_lines": [], "summary": {"covered_lines": 0, "num_statements": 18, "percent_covered": 0.0, "percent_covered_display": "0", "missing_lines": 18, "excluded_lines": 0}, "missing_lines": [12, 13, 14, 15, 17, 19, 20, 21, 22, 23, 24, 25, 26, 27, 28, 36, 37, 38], "excluded_lines": []}, "cluster": {"executed_lines": [], "summary": {"covered_lines": 0, "num_statements": 17, "percent_covered": 0.0, "percent_covered_display": "0", "missing_lines": 17, "excluded_lines": 0}, "missing_lines": [45, 47, 48, 51, 52, 54, 56, 57, 66, 70, 71, 72, 76, 79, 82, 83, 85], "excluded_lines": []}, "pick_cluster": {"executed_lines": [], "summary": {"covered_lines": 0, "num_statements": 10, "percent_covered": 0.0, "percent_covered_display": "0", "missing_lines": 10, "excluded_lines": 0}, "missing_lines": [92, 94, 95, 97, 99, 100, 102, 103, 106, 108], "excluded_lines": []}, "": {"executed_lines": [], "summary": {"covered_lines": 0, "num_statements": 8, "percent_covered": 0.0, "percent_covered_display": "0", "missing_lines": 8, "excluded_lines": 0}, "missing_lines": [1, 2, 3, 4, 5, 8, 41, 88], "excluded_lines": []}}, "classes": {"": {"executed_lines": [], "summary": {"covered_lines": 0, "num_statements": 53, "percent_covered": 0.0, "percent_covered_display": "0", "missing_lines": 53, "excluded_lines": 0}, "missing_lines": [1, 2, 3, 4, 5, 8, 12, 13, 14, 15, 17, 19, 20, 21, 22, 23, 24, 25, 26, 27, 28, 36, 37, 38, 41, 45, 47, 48, 51, 52, 54, 56, 57, 66, 70, 71, 72, 76, 79, 82, 83, 85, 88, 92, 94, 95, 97, 99, 100, 102, 103, 106, 108], "excluded_lines": []}}}, "src/funnel/models/MST.py": {"executed_lines": [1, 2, 3, 4, 5, 8, 9, 11, 12, 13, 14, 17, 18, 19, 20, 21, 22, 23, 26, 27, 28, 29, 30, 33, 36, 37, 38, 39, 42, 45, 46, 49, 50, 51, 52, 53, 54, 56], "summary": {"covered_lines": 38, "num_statements": 38, "percent_covered": 100.0, "percent_covered_display": "100", "missing_lines": 0, "excluded_lines": 0}, "missing_lines": [], "excluded_lines": [], "functions": {"minimum_spanning_tree": {"executed_lines": [9, 11, 12, 13, 14, 17, 18, 19, 20, 21, 22, 23, 26, 27, 28, 29, 30, 33, 36, 37, 38, 39, 42, 45, 46, 49, 50, 51, 52, 53, 54, 56], "summary": {"covered_lines": 32, "num_statements": 32, "percent_covered": 100.0, "percent_covered_display": "100", "missing_lines": 0, "excluded_lines": 0}, "missing_lines": [], "excluded_lines": []}, "": {"executed_lines": [1, 2, 3, 4, 5, 8], "summary": {"covered_lines": 6, "num_statements": 6, "percent_covered": 100.0, "percent_covered_display": "100", "missing_lines": 0, "excluded_lines": 0}, "missing_lines": [], "excluded_lines": []}}, "classes": {"": {"executed_lines": [1, 2, 3, 4, 5, 8, 9, 11, 12, 13, 14, 17, 18, 19, 20, 21, 22, 23, 26, 27, 28, 29, 30, 33, 36, 37, 38, 39, 42, 45, 46, 49, 50, 51, 52, 53, 54, 56], "summary": {"covered_lines": 38, "num_statements": 38, "percent_covered": 100.0, "percent_covered_display": "100", "missing_lines": 0, "excluded_lines": 0}, "missing_lines": [], "excluded_lines": []}}}, "src/funnel/models/MVOmodel.py": {"executed_lines": [1, 3, 4, 5, 6, 7, 10, 30, 75, 78, 82, 86, 88, 90, 93, 96, 109, 118, 121, 124, 125, 126, 127, 128, 131, 132, 133, 134, 137, 140, 165, 180, 182, 185, 187, 189, 191, 192, 193, 195, 196, 197, 200, 201, 204, 218, 220, 222, 224, 225, 226, 228, 230, 231, 234, 236], "summary": {"covered_lines": 56, "num_statements": 74, "percent_covered": 75.67567567567568, "percent_covered_display": "76", "missing_lines": 18, "excluded_lines": 0}, "missing_lines": [14, 15, 18, 19, 20, 22, 23, 24, 110, 111, 113, 114, 115, 144, 154, 155, 156, 159], "excluded_lines": [], "functions": {"cholesky_psd": {"executed_lines": [], "summary": {"covered_lines": 0, "num_statements": 8, "percent_covered": 0.0, "percent_covered_display": "0", "missing_lines": 8, "excluded_lines": 0}, "missing_lines": [14, 15, 18, 19, 20, 22, 23, 24], "excluded_lines": []}, "rebalancing_model": {"executed_lines": [75, 78, 82, 86, 88, 90, 93, 96, 109, 118, 121, 124, 125, 126, 127, 128, 131, 132, 133, 134, 137, 140], "summary": {"covered_lines": 22, "num_statements": 32, "percent_covered": 68.75, "percent_covered_display": "69", "missing_lines": 10, "excluded_lines": 0}, "missing_lines": [110, 111, 113, 114, 115, 144, 154, 155, 156, 159], "excluded_lines": []}, "mvo_model": {"executed_lines": [180, 182, 185, 187, 189, 191, 192, 193, 195, 196, 197, 200, 201, 204, 218, 220, 222, 224, 225, 226, 228, 230, 231, 234, 236], "summary": {"covered_lines": 25, "num_statements": 25, "percent_covered": 100.0, "percent_covered_display": "100", "missing_lines": 0, "excluded_lines": 0}, "missing_lines": [], "excluded_lines": []}, "": {"executed_lines": [1, 3, 4, 5, 6, 7, 10, 30, 165], "summary": {"covered_lines": 9, "num_statements": 9, "percent_covered": 100.0, "percent_covered_display": "100", "missing_lines": 0, "excluded_lines": 0}, "missing_lines": [], "excluded_lines": []}}, "classes": {"": {"executed_lines": [1, 3, 4, 5, 6, 7, 10, 30, 75, 78, 82, 86, 88, 90, 93, 96, 109, 118, 121, 124, 125, 126, 127, 128, 131, 132, 133, 134, 137, 140, 165, 180, 182, 185, 187, 189, 191, 192, 193, 195, 196, 197, 200, 201, 204, 218, 220, 222, 224, 225, 226, 228, 230, 231, 234, 236], "summary": {"covered_lines": 56, "num_statements": 74, "percent_covered": 75.67567567567568, "percent_covered_display": "76", "missing_lines": 18, "excluded_lines": 0}, "missing_lines": [14, 15, 18, 19, 20, 22, 23, 24, 110, 111, 113, 114, 115, 144, 154, 155, 156, 159], "excluded_lines": []}}}, "src/funnel/models/MVOtargets.py": {"executed_lines": [1, 2, 3, 5, 10, 12, 13, 16, 18, 24, 27, 30, 32, 35, 38, 41, 45, 48, 49, 51, 54, 57, 60, 63, 64, 65, 66, 67, 70, 76], "summary": {"covered_lines": 30, "num_statements": 30, "percent_covered": 100.0, "percent_covered_display": "100", "missing_lines": 0, "excluded_lines": 0}, "missing_lines": [], "excluded_lines": [], "functions": {"portfolio_risk_target": {"executed_lines": [12, 13, 16, 18], "summary": {"covered_lines": 4, "num_statements": 4, "percent_covered": 100.0, "percent_covered_display": "100", "missing_lines": 0, "excluded_lines": 0}, "missing_lines": [], "excluded_lines": []}, "get_mvo_targets": {"executed_lines": [27, 30, 32, 35, 38, 41, 45, 48, 49, 51, 54, 57, 60, 63, 64, 65, 66, 67, 70, 76], "summary": {"covered_lines": 20, "num_statements": 20, "percent_covered": 100.0, "percent_covered_display": "100", "missing_lines": 0, "excluded_lines": 0}, "missing_lines": [], "excluded_lines": []}, "": {"executed_lines": [1, 2, 3, 5, 10, 24], "summary": {"covered_lines": 6, "num_statements": 6, "percent_covered": 100.0, "percent_covered_display": "100", "missing_lines": 0, "excluded_lines": 0}, "missing_lines": [], "excluded_lines": []}}, "classes": {"": {"executed_lines": [1, 2, 3, 5, 10, 12, 13, 16, 18, 24, 27, 30, 32, 35, 38, 41, 45, 48, 49, 51, 54, 57, 60, 63, 64, 65, 66, 67, 70, 76], "summary": {"covered_lines": 30, "num_statements": 30, "percent_covered": 100.0, "percent_covered_display": "100", "missing_lines": 0, "excluded_lines": 0}, "missing_lines": [], "excluded_lines": []}}}, "src/funnel/models/ScenarioGeneration.py": {"executed_lines": [1, 3, 4, 5, 6, 9, 10, 14, 15, 16, 17, 18, 19, 20, 21, 22, 23, 25, 26, 30, 32, 33, 36, 39, 40, 43, 44, 45, 48, 50, 52, 53, 71, 72, 92, 93, 94, 97, 98, 100, 101, 102, 104, 105, 107, 112, 121, 124, 125, 127, 129, 130, 156, 157, 211, 212, 216, 217, 222, 230, 232, 233, 234, 235, 238, 239, 240, 242, 243, 246, 247, 248, 249, 250, 251, 252, 254, 259, 260, 262, 263, 264, 265, 266, 268, 269, 276, 277, 278, 279, 280, 281, 282, 284, 286, 342], "summary": {"covered_lines": 94, "num_statements": 150, "percent_covered": 62.666666666666664, "percent_covered_display": "63", "missing_lines": 56, "excluded_lines": 0}, "missing_lines": [67, 69, 81, 82, 85, 88, 90, 144, 145, 148, 151, 152, 154, 175, 178, 187, 190, 193, 196, 199, 200, 201, 204, 205, 206, 208, 308, 312, 313, 314, 317, 318, 321, 324, 325, 326, 327, 329, 331, 332, 334, 336, 340, 361, 362, 364, 366, 367, 369, 370, 372, 373, 375, 377, 378, 380], "excluded_lines": [], "functions": {"MomentGenerator._alpha_numerator": {"executed_lines": [16, 17, 18, 19, 20, 21, 22, 23], "summary": {"covered_lines": 8, "num_statements": 8, "percent_covered": 100.0, "percent_covered_display": "100", "missing_lines": 0, "excluded_lines": 0}, "missing_lines": [], "excluded_lines": []}, "MomentGenerator._ledoit_wolf_shrinkage": {"executed_lines": [30, 32, 33, 36, 39, 40, 43, 44, 45, 48, 50], "summary": {"covered_lines": 11, "num_statements": 11, "percent_covered": 100.0, "percent_covered_display": "100", "missing_lines": 0, "excluded_lines": 0}, "missing_lines": [], "excluded_lines": []}, "MomentGenerator._jorion_shrinkage": {"executed_lines": [], "summary": {"covered_lines": 0, "num_statements": 2, "percent_covered": 0.0, "percent_covered_display": "0", "missing_lines": 2, "excluded_lines": 0}, "missing_lines": [67, 69], "excluded_lines": []}, "MomentGenerator.compute_annualized_covariance": {"executed_lines": [], "summary": {"covered_lines": 0, "num_statements": 5, "percent_covered": 0.0, "percent_covered_display": "0", "missing_lines": 5, "excluded_lines": 0}, "missing_lines": [81, 82, 85, 88, 90], "excluded_lines": []}, "MomentGenerator.generate_sigma_mu_for_test_periods": {"executed_lines": [94, 97, 98, 100, 101, 102, 104, 105, 107, 112, 121, 124, 125, 127], "summary": {"covered_lines": 14, "num_statements": 14, "percent_covered": 100.0, "percent_covered_display": "100", "missing_lines": 0, "excluded_lines": 0}, "missing_lines": [], "excluded_lines": []}, "MomentGenerator.split_dataset": {"executed_lines": [], "summary": {"covered_lines": 0, "num_statements": 6, "percent_covered": 0.0, "percent_covered_display": "0", "missing_lines": 6, "excluded_lines": 0}, "missing_lines": [144, 145, 148, 151, 152, 154], "excluded_lines": []}, "MomentGenerator.generate_annual_sigma_mu_with_risk_free": {"executed_lines": [], "summary": {"covered_lines": 0, "num_statements": 13, "percent_covered": 0.0, "percent_covered_display": "0", "missing_lines": 13, "excluded_lines": 0}, "missing_lines": [175, 178, 187, 190, 193, 196, 199, 200, 201, 204, 205, 206, 208], "excluded_lines": []}, "ScenarioGenerator.__init__": {"executed_lines": [217], "summary": {"covered_lines": 1, "num_statements": 1, "percent_covered": 100.0, "percent_covered_display": "100", "missing_lines": 0, "excluded_lines": 0}, "missing_lines": [], "excluded_lines": []}, "ScenarioGenerator.monte_carlo": {"executed_lines": [230, 232, 233, 234, 235, 238, 239, 240, 242, 243, 246, 247, 248, 249, 250, 251, 252, 254], "summary": {"covered_lines": 18, "num_statements": 18, "percent_covered": 100.0, "percent_covered_display": "100", "missing_lines": 0, "excluded_lines": 0}, "missing_lines": [], "excluded_lines": []}, "ScenarioGenerator.bootstrapping": {"executed_lines": [260, 262, 263, 264, 265, 266, 268, 269, 276, 277, 278, 279, 280, 281, 282, 284], "summary": {"covered_lines": 16, "num_statements": 16, "percent_covered": 100.0, "percent_covered_display": "100", "missing_lines": 0, "excluded_lines": 0}, "missing_lines": [], "excluded_lines": []}, "ScenarioGenerator.MC_simulation_annual_from_weekly": {"executed_lines": [], "summary": {"covered_lines": 0, "num_statements": 17, "percent_covered": 0.0, "percent_covered_display": "0", "missing_lines": 17, "excluded_lines": 0}, "missing_lines": [308, 312, 313, 314, 317, 318, 321, 324, 325, 326, 327, 329, 331, 332, 334, 336, 340], "excluded_lines": []}, "ScenarioGenerator.bootstrap_simulation_annual_from_weekly": {"executed_lines": [], "summary": {"covered_lines": 0, "num_statements": 13, "percent_covered": 0.0, "percent_covered_display": "0", "missing_lines": 13, "excluded_lines": 0}, "missing_lines": [361, 362, 364, 366, 367, 369, 370, 372, 373, 375, 377, 378, 380], "excluded_lines": []}, "": {"executed_lines": [1, 3, 4, 5, 6, 9, 10, 14, 15, 25, 26, 52, 53, 71, 72, 92, 93, 129, 130, 156, 157, 211, 212, 216, 222, 259, 286, 342], "summary": {"covered_lines": 26, "num_statements": 26, "percent_covered": 100.0, "percent_covered_display": "100", "missing_lines": 0, "excluded_lines": 0}, "missing_lines": [], "excluded_lines": []}}, "classes": {"MomentGenerator": {"executed_lines": [16, 17, 18, 19, 20, 21, 22, 23, 30, 32, 33, 36, 39, 40, 43, 44, 45, 48, 50, 94, 97, 98, 100, 101, 102, 104, 105, 107, 112, 121, 124, 125, 127], "summary": {"covered_lines": 33, "num_statements": 59, "percent_covered": 55.932203389830505, "percent_covered_display": "56", "missing_lines": 26, "excluded_lines": 0}, "missing_lines": [67, 69, 81, 82, 85, 88, 90, 144, 145, 148, 151, 152, 154, 175, 178, 187, 190, 193, 196, 199, 200, 201, 204, 205, 206, 208], "excluded_lines": []}, "ScenarioGenerator": {"executed_lines": [217, 230, 232, 233, 234, 235, 238, 239, 240, 242, 243, 246, 247, 248, 249, 250, 251, 252, 254, 260, 262, 263, 264, 265, 266, 268, 269, 276, 277, 278, 279, 280, 281, 282, 284], "summary": {"covered_lines": 35, "num_statements": 65, "percent_covered": 53.84615384615385, "percent_covered_display": "54", "missing_lines": 30, "excluded_lines": 0}, "missing_lines": [308, 312, 313, 314, 317, 318, 321, 324, 325, 326, 327, 329, 331, 332, 334, 336, 340, 361, 362, 364, 366, 367, 369, 370, 372, 373, 375, 377, 378, 380], "excluded_lines": []}, "": {"executed_lines": [1, 3, 4, 5, 6, 9, 10, 14, 15, 25, 26, 52, 53, 71, 72, 92, 93, 129, 130, 156, 157, 211, 212, 216, 222, 259, 286, 342], "summary": {"covered_lines": 26, "num_statements": 26, "percent_covered": 100.0, "percent_covered_display": "100", "missing_lines": 0, "excluded_lines": 0}, "missing_lines": [], "excluded_lines": []}}}, "src/funnel/models/__init__.py": {"executed_lines": [0], "summary": {"covered_lines": 0, "num_statements": 0, "percent_covered": 100.0, "percent_covered_display": "100", "missing_lines": 0, "excluded_lines": 0}, "missing_lines": [], "excluded_lines": [], "functions": {"": {"executed_lines": [], "summary": {"covered_lines": 0, "num_statements": 0, "percent_covered": 100.0, "percent_covered_display": "100", "missing_lines": 0, "excluded_lines": 0}, "missing_lines": [], "excluded_lines": []}}, "classes": {"": {"executed_lines": [], "summary": {"covered_lines": 0, "num_statements": 0, "percent_covered": 100.0, "percent_covered_display": "100", "missing_lines": 0, "excluded_lines": 0}, "missing_lines": [], "excluded_lines": []}}}, "src/funnel/models/dataAnalyser.py": {"executed_lines": [], "summary": {"covered_lines": 0, "num_statements": 27, "percent_covered": 0.0, "percent_covered_display": "0", "missing_lines": 27, "excluded_lines": 0}, "missing_lines": [1, 2, 5, 8, 9, 10, 12, 14, 17, 21, 22, 24, 25, 27, 28, 29, 32, 36, 37, 38, 40, 43, 47, 49, 52, 53, 55], "excluded_lines": [], "functions": {"mean_an_returns": {"executed_lines": [], "summary": {"covered_lines": 0, "num_statements": 5, "percent_covered": 0.0, "percent_covered_display": "0", "missing_lines": 5, "excluded_lines": 0}, "missing_lines": [8, 9, 10, 12, 14], "excluded_lines": []}, "final_stats": {"executed_lines": [], "summary": {"covered_lines": 0, "num_statements": 12, "percent_covered": 0.0, "percent_covered_display": "0", "missing_lines": 12, "excluded_lines": 0}, "missing_lines": [21, 22, 24, 25, 27, 28, 29, 32, 36, 37, 38, 40], "excluded_lines": []}, "get_weekly_returns": {"executed_lines": [], "summary": {"covered_lines": 0, "num_statements": 5, "percent_covered": 0.0, "percent_covered_display": "0", "missing_lines": 5, "excluded_lines": 0}, "missing_lines": [47, 49, 52, 53, 55], "excluded_lines": []}, "": {"executed_lines": [], "summary": {"covered_lines": 0, "num_statements": 5, "percent_covered": 0.0, "percent_covered_display": "0", "missing_lines": 5, "excluded_lines": 0}, "missing_lines": [1, 2, 5, 17, 43], "excluded_lines": []}}, "classes": {"": {"executed_lines": [], "summary": {"covered_lines": 0, "num_statements": 27, "percent_covered": 0.0, "percent_covered_display": "0", "missing_lines": 27, "excluded_lines": 0}, "missing_lines": [1, 2, 5, 8, 9, 10, 12, 14, 17, 21, 22, 24, 25, 27, 28, 29, 32, 36, 37, 38, 40, 43, 47, 49, 52, 53, 55], "excluded_lines": []}}}, "src/funnel/models/lifecycle/MVOlifecycleModel.py": {"executed_lines": [], "summary": {"covered_lines": 0, "num_statements": 125, "percent_covered": 0.0, "percent_covered_display": "0", "missing_lines": 125, "excluded_lines": 0}, "missing_lines": [1, 2, 3, 4, 6, 9, 13, 14, 16, 19, 20, 23, 25, 28, 30, 31, 32, 33, 36, 37, 38, 39, 40, 42, 43, 44, 45, 48, 61, 64, 96, 97, 98, 101, 104, 107, 109, 117, 118, 119, 121, 128, 129, 132, 133, 134, 135, 136, 137, 138, 139, 143, 146, 147, 148, 151, 178, 179, 180, 183, 185, 186, 194, 196, 197, 200, 226, 227, 228, 231, 241, 244, 247, 248, 250, 252, 253, 254, 255, 256, 259, 269, 270, 273, 274, 275, 277, 279, 280, 283, 284, 285, 286, 287, 288, 291, 293, 294, 295, 297, 300, 303, 313, 315, 318, 348, 349, 352, 370, 372, 374, 377, 387, 390, 395, 410, 411, 414, 417, 418, 419, 420, 423, 425, 429], "excluded_lines": [], "functions": {"calculate_risk_metrics": {"executed_lines": [], "summary": {"covered_lines": 0, "num_statements": 7, "percent_covered": 0.0, "percent_covered_display": "0", "missing_lines": 7, "excluded_lines": 0}, "missing_lines": [13, 14, 16, 19, 20, 23, 25], "excluded_lines": []}, "calculate_analysis_metrics": {"executed_lines": [], "summary": {"covered_lines": 0, "num_statements": 15, "percent_covered": 0.0, "percent_covered_display": "0", "missing_lines": 15, "excluded_lines": 0}, "missing_lines": [30, 31, 32, 33, 36, 37, 38, 39, 40, 42, 43, 44, 45, 48, 61], "excluded_lines": []}, "lifecycle_rebalance_model": {"executed_lines": [], "summary": {"covered_lines": 0, "num_statements": 25, "percent_covered": 0.0, "percent_covered_display": "0", "missing_lines": 25, "excluded_lines": 0}, "missing_lines": [96, 97, 98, 101, 104, 107, 109, 117, 118, 119, 121, 128, 129, 132, 133, 134, 135, 136, 137, 138, 139, 143, 146, 147, 148], "excluded_lines": []}, "get_port_allocations": {"executed_lines": [], "summary": {"covered_lines": 0, "num_statements": 9, "percent_covered": 0.0, "percent_covered_display": "0", "missing_lines": 9, "excluded_lines": 0}, "missing_lines": [178, 179, 180, 183, 185, 186, 194, 196, 197], "excluded_lines": []}, "portfolio_rebalancing": {"executed_lines": [], "summary": {"covered_lines": 0, "num_statements": 38, "percent_covered": 0.0, "percent_covered_display": "0", "missing_lines": 38, "excluded_lines": 0}, "missing_lines": [226, 227, 228, 231, 241, 244, 247, 248, 250, 252, 253, 254, 255, 256, 259, 269, 270, 273, 274, 275, 277, 279, 280, 283, 284, 285, 286, 287, 288, 291, 293, 294, 295, 297, 300, 303, 313, 315], "excluded_lines": []}, "riskadjust_model_scen": {"executed_lines": [], "summary": {"covered_lines": 0, "num_statements": 20, "percent_covered": 0.0, "percent_covered_display": "0", "missing_lines": 20, "excluded_lines": 0}, "missing_lines": [348, 349, 352, 370, 372, 374, 377, 387, 390, 395, 410, 411, 414, 417, 418, 419, 420, 423, 425, 429], "excluded_lines": []}, "": {"executed_lines": [], "summary": {"covered_lines": 0, "num_statements": 11, "percent_covered": 0.0, "percent_covered_display": "0", "missing_lines": 11, "excluded_lines": 0}, "missing_lines": [1, 2, 3, 4, 6, 9, 28, 64, 151, 200, 318], "excluded_lines": []}}, "classes": {"": {"executed_lines": [], "summary": {"covered_lines": 0, "num_statements": 125, "percent_covered": 0.0, "percent_covered_display": "0", "missing_lines": 125, "excluded_lines": 0}, "missing_lines": [1, 2, 3, 4, 6, 9, 13, 14, 16, 19, 20, 23, 25, 28, 30, 31, 32, 33, 36, 37, 38, 39, 40, 42, 43, 44, 45, 48, 61, 64, 96, 97, 98, 101, 104, 107, 109, 117, 118, 119, 121, 128, 129, 132, 133, 134, 135, 136, 137, 138, 139, 143, 146, 147, 148, 151, 178, 179, 180, 183, 185, 186, 194, 196, 197, 200, 226, 227, 228, 231, 241, 244, 247, 248, 250, 252, 253, 254, 255, 256, 259, 269, 270, 273, 274, 275, 277, 279, 280, 283, 284, 285, 286, 287, 288, 291, 293, 294, 295, 297, 300, 303, 313, 315, 318, 348, 349, 352, 370, 372, 374, 377, 387, 390, 395, 410, 411, 414, 417, 418, 419, 420, 423, 425, 429], "excluded_lines": []}}}, "src/funnel/models/lifecycle/__init__.py": {"executed_lines": [], "summary": {"covered_lines": 0, "num_statements": 0, "percent_covered": 100.0, "percent_covered_display": "100", "missing_lines": 0, "excluded_lines": 0}, "missing_lines": [], "excluded_lines": [], "functions": {"": {"executed_lines": [], "summary": {"covered_lines": 0, "num_statements": 0, "percent_covered": 100.0, "percent_covered_display": "100", "missing_lines": 0, "excluded_lines": 0}, "missing_lines": [], "excluded_lines": []}}, "classes": {"": {"executed_lines": [], "summary": {"covered_lines": 0, "num_statements": 0, "percent_covered": 100.0, "percent_covered_display": "100", "missing_lines": 0, "excluded_lines": 0}, "missing_lines": [], "excluded_lines": []}}}, "src/funnel/models/lifecycle/glidePathCreator.py": {"executed_lines": [], "summary": {"covered_lines": 0, "num_statements": 19, "percent_covered": 0.0, "percent_covered_display": "0", "missing_lines": 19, "excluded_lines": 0}, "missing_lines": [1, 2, 3, 6, 9, 10, 12, 13, 14, 16, 21, 31, 40, 48, 61, 62, 63, 65, 68], "excluded_lines": [], "functions": {"generate_risk_profiles": {"executed_lines": [], "summary": {"covered_lines": 0, "num_statements": 15, "percent_covered": 0.0, "percent_covered_display": "0", "missing_lines": 15, "excluded_lines": 0}, "missing_lines": [9, 10, 12, 13, 14, 16, 21, 31, 40, 48, 61, 62, 63, 65, 68], "excluded_lines": []}, "": {"executed_lines": [], "summary": {"covered_lines": 0, "num_statements": 4, "percent_covered": 0.0, "percent_covered_display": "0", "missing_lines": 4, "excluded_lines": 0}, "missing_lines": [1, 2, 3, 6], "excluded_lines": []}}, "classes": {"": {"executed_lines": [], "summary": {"covered_lines": 0, "num_statements": 19, "percent_covered": 0.0, "percent_covered_display": "0", "missing_lines": 19, "excluded_lines": 0}, "missing_lines": [1, 2, 3, 6, 9, 10, 12, 13, 14, 16, 21, 31, 40, 48, 61, 62, 63, 65, 68], "excluded_lines": []}}}, "src/funnel/models/main.py": {"executed_lines": [], "summary": {"covered_lines": 0, "num_statements": 271, "percent_covered": 0.0, "percent_covered_display": "0", "missing_lines": 271, "excluded_lines": 0}, "missing_lines": [1, 2, 3, 5, 6, 7, 8, 9, 10, 11, 12, 14, 15, 16, 17, 18, 19, 23, 24, 25, 26, 28, 38, 39, 40, 41, 42, 45, 51, 52, 53, 54, 55, 56, 58, 60, 61, 70, 73, 74, 75, 76, 77, 78, 80, 84, 91, 95, 96, 97, 98, 99, 101, 102, 103, 104, 115, 116, 122, 123, 125, 126, 127, 133, 134, 139, 141, 142, 151, 163, 164, 166, 168, 170, 173, 174, 175, 178, 181, 184, 195, 207, 218, 236, 237, 238, 239, 240, 244, 245, 253, 254, 256, 257, 258, 259, 260, 261, 262, 263, 264, 266, 267, 280, 282, 283, 284, 286, 295, 296, 297, 299, 302, 307, 310, 312, 314, 322, 323, 327, 329, 333, 338, 339, 340, 343, 344, 349, 350, 351, 352, 354, 356, 357, 367, 376, 377, 385, 386, 387, 396, 397, 398, 400, 402, 404, 416, 417, 420, 423, 424, 425, 426, 429, 430, 431, 432, 433, 434, 437, 438, 439, 440, 442, 443, 444, 445, 448, 459, 473, 474, 477, 478, 479, 489, 490, 491, 492, 493, 495, 496, 498, 499, 500, 503, 512, 515, 516, 521, 523, 525, 527, 530, 534, 535, 538, 539, 540, 547, 549, 560, 561, 565, 568, 569, 570, 575, 576, 585, 587, 603, 606, 609, 616, 618, 619, 623, 624, 632, 640, 641, 642, 650, 662, 663, 677, 692, 702, 703, 705, 707, 722, 723, 726, 727, 731, 733, 735, 740, 741, 743, 745, 746, 753, 754, 761, 767, 771, 772, 773, 780, 783, 784, 786, 787, 791, 801, 803, 804, 807, 815, 826, 830, 832, 833, 838, 848, 851, 854, 863, 874], "excluded_lines": [], "functions": {"build_bot": {"executed_lines": [], "summary": {"covered_lines": 0, "num_statements": 4, "percent_covered": 0.0, "percent_covered_display": "0", "missing_lines": 4, "excluded_lines": 0}, "missing_lines": [39, 40, 41, 42], "excluded_lines": []}, "_TradeBot.__init__": {"executed_lines": [], "summary": {"covered_lines": 0, "num_statements": 6, "percent_covered": 0.0, "percent_covered_display": "0", "missing_lines": 6, "excluded_lines": 0}, "missing_lines": [52, 53, 54, 55, 56, 58], "excluded_lines": []}, "_TradeBot.__plot_backtest": {"executed_lines": [], "summary": {"covered_lines": 0, "num_statements": 29, "percent_covered": 0.0, "percent_covered_display": "0", "missing_lines": 29, "excluded_lines": 0}, "missing_lines": [70, 73, 74, 75, 76, 77, 78, 80, 84, 91, 95, 96, 97, 98, 99, 101, 102, 103, 104, 115, 116, 122, 123, 125, 126, 127, 133, 134, 139], "excluded_lines": []}, "_TradeBot.__plot_portfolio_densities": {"executed_lines": [], "summary": {"covered_lines": 0, "num_statements": 52, "percent_covered": 0.0, "percent_covered_display": "0", "missing_lines": 52, "excluded_lines": 0}, "missing_lines": [151, 163, 164, 166, 168, 170, 173, 174, 175, 178, 181, 184, 195, 207, 218, 236, 237, 238, 239, 240, 244, 245, 253, 254, 256, 257, 258, 259, 260, 261, 262, 263, 264, 266, 267, 280, 282, 283, 284, 286, 295, 296, 297, 299, 302, 307, 310, 312, 314, 322, 323, 327], "excluded_lines": []}, "_TradeBot.get_stat": {"executed_lines": [], "summary": {"covered_lines": 0, "num_statements": 11, "percent_covered": 0.0, "percent_covered_display": "0", "missing_lines": 11, "excluded_lines": 0}, "missing_lines": [333, 338, 339, 340, 343, 344, 349, 350, 351, 352, 354], "excluded_lines": []}, "_TradeBot.get_top_performing_assets": {"executed_lines": [], "summary": {"covered_lines": 0, "num_statements": 12, "percent_covered": 0.0, "percent_covered_display": "0", "missing_lines": 12, "excluded_lines": 0}, "missing_lines": [357, 367, 376, 377, 385, 386, 387, 396, 397, 398, 400, 402], "excluded_lines": []}, "_TradeBot.plot_dots": {"executed_lines": [], "summary": {"covered_lines": 0, "num_statements": 44, "percent_covered": 0.0, "percent_covered_display": "0", "missing_lines": 44, "excluded_lines": 0}, "missing_lines": [416, 417, 420, 423, 424, 425, 426, 429, 430, 431, 432, 433, 434, 437, 438, 439, 440, 442, 443, 444, 445, 448, 459, 473, 474, 477, 478, 479, 489, 490, 491, 492, 493, 495, 496, 498, 499, 500, 503, 512, 515, 516, 521, 523], "excluded_lines": []}, "_TradeBot.mst": {"executed_lines": [], "summary": {"covered_lines": 0, "num_statements": 8, "percent_covered": 0.0, "percent_covered_display": "0", "missing_lines": 8, "excluded_lines": 0}, "missing_lines": [527, 530, 534, 535, 538, 539, 540, 547], "excluded_lines": []}, "_TradeBot.clustering": {"executed_lines": [], "summary": {"covered_lines": 0, "num_statements": 9, "percent_covered": 0.0, "percent_covered_display": "0", "missing_lines": 9, "excluded_lines": 0}, "missing_lines": [560, 561, 565, 568, 569, 570, 575, 576, 585], "excluded_lines": []}, "_TradeBot.backtest": {"executed_lines": [], "summary": {"covered_lines": 0, "num_statements": 20, "percent_covered": 0.0, "percent_covered_display": "0", "missing_lines": 20, "excluded_lines": 0}, "missing_lines": [603, 606, 609, 616, 618, 619, 623, 624, 632, 640, 641, 642, 650, 662, 663, 677, 692, 702, 703, 705], "excluded_lines": []}, "_TradeBot.lifecycle_scenario_analysis": {"executed_lines": [], "summary": {"covered_lines": 0, "num_statements": 30, "percent_covered": 0.0, "percent_covered_display": "0", "missing_lines": 30, "excluded_lines": 0}, "missing_lines": [722, 723, 726, 727, 731, 733, 735, 740, 741, 743, 745, 746, 753, 754, 761, 767, 771, 772, 773, 780, 783, 784, 786, 787, 791, 801, 803, 804, 807, 815], "excluded_lines": []}, "": {"executed_lines": [], "summary": {"covered_lines": 0, "num_statements": 46, "percent_covered": 0.0, "percent_covered_display": "0", "missing_lines": 46, "excluded_lines": 0}, "missing_lines": [1, 2, 3, 5, 6, 7, 8, 9, 10, 11, 12, 14, 15, 16, 17, 18, 19, 23, 24, 25, 26, 28, 38, 45, 51, 60, 61, 141, 142, 329, 356, 404, 525, 549, 587, 707, 826, 830, 832, 833, 838, 848, 851, 854, 863, 874], "excluded_lines": []}}, "classes": {"_TradeBot": {"executed_lines": [], "summary": {"covered_lines": 0, "num_statements": 221, "percent_covered": 0.0, "percent_covered_display": "0", "missing_lines": 221, "excluded_lines": 0}, "missing_lines": [52, 53, 54, 55, 56, 58, 70, 73, 74, 75, 76, 77, 78, 80, 84, 91, 95, 96, 97, 98, 99, 101, 102, 103, 104, 115, 116, 122, 123, 125, 126, 127, 133, 134, 139, 151, 163, 164, 166, 168, 170, 173, 174, 175, 178, 181, 184, 195, 207, 218, 236, 237, 238, 239, 240, 244, 245, 253, 254, 256, 257, 258, 259, 260, 261, 262, 263, 264, 266, 267, 280, 282, 283, 284, 286, 295, 296, 297, 299, 302, 307, 310, 312, 314, 322, 323, 327, 333, 338, 339, 340, 343, 344, 349, 350, 351, 352, 354, 357, 367, 376, 377, 385, 386, 387, 396, 397, 398, 400, 402, 416, 417, 420, 423, 424, 425, 426, 429, 430, 431, 432, 433, 434, 437, 438, 439, 440, 442, 443, 444, 445, 448, 459, 473, 474, 477, 478, 479, 489, 490, 491, 492, 493, 495, 496, 498, 499, 500, 503, 512, 515, 516, 521, 523, 527, 530, 534, 535, 538, 539, 540, 547, 560, 561, 565, 568, 569, 570, 575, 576, 585, 603, 606, 609, 616, 618, 619, 623, 624, 632, 640, 641, 642, 650, 662, 663, 677, 692, 702, 703, 705, 722, 723, 726, 727, 731, 733, 735, 740, 741, 743, 745, 746, 753, 754, 761, 767, 771, 772, 773, 780, 783, 784, 786, 787, 791, 801, 803, 804, 807, 815], "excluded_lines": []}, "": {"executed_lines": [], "summary": {"covered_lines": 0, "num_statements": 50, "percent_covered": 0.0, "percent_covered_display": "0", "missing_lines": 50, "excluded_lines": 0}, "missing_lines": [1, 2, 3, 5, 6, 7, 8, 9, 10, 11, 12, 14, 15, 16, 17, 18, 19, 23, 24, 25, 26, 28, 38, 39, 40, 41, 42, 45, 51, 60, 61, 141, 142, 329, 356, 404, 525, 549, 587, 707, 826, 830, 832, 833, 838, 848, 851, 854, 863, 874], "excluded_lines": []}}}, "src/funnel/settings.py": {"executed_lines": [], "summary": {"covered_lines": 0, "num_statements": 9, "percent_covered": 0.0, "percent_covered_display": "0", "missing_lines": 9, "excluded_lines": 0}, "missing_lines": [1, 2, 4, 7, 10, 11, 12, 13, 16], "excluded_lines": [], "functions": {"": {"executed_lines": [], "summary": {"covered_lines": 0, "num_statements": 9, "percent_covered": 0.0, "percent_covered_display": "0", "missing_lines": 9, "excluded_lines": 0}, "missing_lines": [1, 2, 4, 7, 10, 11, 12, 13, 16], "excluded_lines": []}}, "classes": {"Settings": {"executed_lines": [], "summary": {"covered_lines": 0, "num_statements": 0, "percent_covered": 100.0, "percent_covered_display": "100", "missing_lines": 0, "excluded_lines": 0}, "missing_lines": [], "excluded_lines": []}, "": {"executed_lines": [], "summary": {"covered_lines": 0, "num_statements": 9, "percent_covered": 0.0, "percent_covered_display": "0", "missing_lines": 9, "excluded_lines": 0}, "missing_lines": [1, 2, 4, 7, 10, 11, 12, 13, 16], "excluded_lines": []}}}}, "totals": {"covered_lines": 319, "num_statements": 1024, "percent_covered": 31.15234375, "percent_covered_display": "31", "missing_lines": 705, "excluded_lines": 0}}